{"meta": {"format": 3, "version": "7.13.5", "timestamp": "2026-06-12T05:48:17.903162", "branch_coverage": false, "show_contexts": false}, "files": {"src/agm/__init__.py": {"executed_lines": [], "summary": {"covered_lines": 0, "num_statements": 0, "percent_covered": 100.0, "percent_covered_display": "100", "missing_lines": 0, "excluded_lines": 0, "percent_statements_covered": 100.0, "percent_statements_covered_display": "100"}, "missing_lines": [], "excluded_lines": [], "functions": {"": {"executed_lines": [], "summary": {"covered_lines": 0, "num_statements": 0, "percent_covered": 100.0, "percent_covered_display": "100", "missing_lines": 0, "excluded_lines": 0, "percent_statements_covered": 100.0, "percent_statements_covered_display": "100"}, "missing_lines": [], "excluded_lines": [], "start_line": 1}}, "classes": {"": {"executed_lines": [], "summary": {"covered_lines": 0, "num_statements": 0, "percent_covered": 100.0, "percent_covered_display": "100", "missing_lines": 0, "excluded_lines": 0, "percent_statements_covered": 100.0, "percent_statements_covered_display": "100"}, "missing_lines": [], "excluded_lines": [], "start_line": 1}}}, "src/agm/agent/__init__.py": {"executed_lines": [], "summary": {"covered_lines": 0, "num_statements": 0, "percent_covered": 100.0, "percent_covered_display": "100", "missing_lines": 0, "excluded_lines": 0, "percent_statements_covered": 100.0, "percent_statements_covered_display": "100"}, "missing_lines": [], "excluded_lines": [], "functions": {"": {"executed_lines": [], "summary": {"covered_lines": 0, "num_statements": 0, "percent_covered": 100.0, "percent_covered_display": "100", "missing_lines": 0, "excluded_lines": 0, "percent_statements_covered": 100.0, "percent_statements_covered_display": "100"}, "missing_lines": [], "excluded_lines": [], "start_line": 1}}, "classes": {"": {"executed_lines": [], "summary": {"covered_lines": 0, "num_statements": 0, "percent_covered": 100.0, "percent_covered_display": "100", "missing_lines": 0, "excluded_lines": 0, "percent_statements_covered": 100.0, "percent_statements_covered_display": "100"}, "missing_lines": [], "excluded_lines": [], "start_line": 1}}}, "src/agm/agent/output.py": {"executed_lines": [3, 5, 8, 9, 10, 11, 12], "summary": {"covered_lines": 7, "num_statements": 7, "percent_covered": 100.0, "percent_covered_display": "100", "missing_lines": 0, "excluded_lines": 0, "percent_statements_covered": 100.0, "percent_statements_covered_display": "100"}, "missing_lines": [], "excluded_lines": [], "functions": {"step_header_text": {"executed_lines": [9, 10, 11, 12], "summary": {"covered_lines": 4, "num_statements": 4, "percent_covered": 100.0, "percent_covered_display": "100", "missing_lines": 0, "excluded_lines": 0, "percent_statements_covered": 100.0, "percent_statements_covered_display": "100"}, "missing_lines": [], "excluded_lines": [], "start_line": 8}, "": {"executed_lines": [3, 5, 8], "summary": {"covered_lines": 3, "num_statements": 3, "percent_covered": 100.0, "percent_covered_display": "100", "missing_lines": 0, "excluded_lines": 0, "percent_statements_covered": 100.0, "percent_statements_covered_display": "100"}, "missing_lines": [], "excluded_lines": [], "start_line": 1}}, "classes": {"": {"executed_lines": [3, 5, 8, 9, 10, 11, 12], "summary": {"covered_lines": 7, "num_statements": 7, "percent_covered": 100.0, "percent_covered_display": "100", "missing_lines": 0, "excluded_lines": 0, "percent_statements_covered": 100.0, "percent_statements_covered_display": "100"}, "missing_lines": [], "excluded_lines": [], "start_line": 1}}}, "src/agm/agent/prompt.py": {"executed_lines": [3, 5, 6, 7, 8, 10, 15, 16, 17, 18, 19, 20, 21, 22, 24, 27, 33, 34, 35, 36, 37, 38, 39, 40, 41, 44, 45, 46, 47], "summary": {"covered_lines": 29, "num_statements": 29, "percent_covered": 100.0, "percent_covered_display": "100", "missing_lines": 0, "excluded_lines": 0, "percent_statements_covered": 100.0, "percent_statements_covered_display": "100"}, "missing_lines": [], "excluded_lines": [], "functions": {"expand_prompt_env_vars": {"executed_lines": [16, 24], "summary": {"covered_lines": 2, "num_statements": 2, "percent_covered": 100.0, "percent_covered_display": "100", "missing_lines": 0, "excluded_lines": 0, "percent_statements_covered": 100.0, "percent_statements_covered_display": "100"}, "missing_lines": [], "excluded_lines": [], "start_line": 15}, "expand_prompt_env_vars.replace": {"executed_lines": [17, 18, 19, 20, 21, 22], "summary": {"covered_lines": 6, "num_statements": 6, "percent_covered": 100.0, "percent_covered_display": "100", "missing_lines": 0, "excluded_lines": 0, "percent_statements_covered": 100.0, "percent_statements_covered_display": "100"}, "missing_lines": [], "excluded_lines": [], "start_line": 16}, "preprocess_prompt_file": {"executed_lines": [33, 34, 35, 36, 37, 38, 39, 40, 41], "summary": {"covered_lines": 9, "num_statements": 9, "percent_covered": 100.0, "percent_covered_display": "100", "missing_lines": 0, "excluded_lines": 0, "percent_statements_covered": 100.0, "percent_statements_covered_display": "100"}, "missing_lines": [], "excluded_lines": [], "start_line": 27}, "dry_run_prompt_text": {"executed_lines": [45, 46, 47], "summary": {"covered_lines": 3, "num_statements": 3, "percent_covered": 100.0, "percent_covered_display": "100", "missing_lines": 0, "excluded_lines": 0, "percent_statements_covered": 100.0, "percent_statements_covered_display": "100"}, "missing_lines": [], "excluded_lines": [], "start_line": 44}, "": {"executed_lines": [3, 5, 6, 7, 8, 10, 15, 27, 44], "summary": {"covered_lines": 9, "num_statements": 9, "percent_covered": 100.0, "percent_covered_display": "100", "missing_lines": 0, "excluded_lines": 0, "percent_statements_covered": 100.0, "percent_statements_covered_display": "100"}, "missing_lines": [], "excluded_lines": [], "start_line": 1}}, "classes": {"": {"executed_lines": [3, 5, 6, 7, 8, 10, 15, 16, 17, 18, 19, 20, 21, 22, 24, 27, 33, 34, 35, 36, 37, 38, 39, 40, 41, 44, 45, 46, 47], "summary": {"covered_lines": 29, "num_statements": 29, "percent_covered": 100.0, "percent_covered_display": "100", "missing_lines": 0, "excluded_lines": 0, "percent_statements_covered": 100.0, "percent_statements_covered_display": "100"}, "missing_lines": [], "excluded_lines": [], "start_line": 1}}}, "src/agm/agent/prompt_source.py": {"executed_lines": [3, 5, 6, 8, 11, 12, 15, 16, 17, 18, 19, 22, 29, 30, 31, 32, 33, 34, 35, 36, 37], "summary": {"covered_lines": 21, "num_statements": 21, "percent_covered": 100.0, "percent_covered_display": "100", "missing_lines": 0, "excluded_lines": 0, "percent_statements_covered": 100.0, "percent_statements_covered_display": "100"}, "missing_lines": [], "excluded_lines": [], "functions": {"resolve_prompt_source": {"executed_lines": [29, 30, 31, 32, 33, 34, 35, 36, 37], "summary": {"covered_lines": 9, "num_statements": 9, "percent_covered": 100.0, "percent_covered_display": "100", "missing_lines": 0, "excluded_lines": 0, "percent_statements_covered": 100.0, "percent_statements_covered_display": "100"}, "missing_lines": [], "excluded_lines": [], "start_line": 22}, "": {"executed_lines": [3, 5, 6, 8, 11, 12, 15, 16, 17, 18, 19, 22], "summary": {"covered_lines": 12, "num_statements": 12, "percent_covered": 100.0, "percent_covered_display": "100", "missing_lines": 0, "excluded_lines": 0, "percent_statements_covered": 100.0, "percent_statements_covered_display": "100"}, "missing_lines": [], "excluded_lines": [], "start_line": 1}}, "classes": {"PromptSourceOptions": {"executed_lines": [], "summary": {"covered_lines": 0, "num_statements": 0, "percent_covered": 100.0, "percent_covered_display": "100", "missing_lines": 0, "excluded_lines": 0, "percent_statements_covered": 100.0, "percent_statements_covered_display": "100"}, "missing_lines": [], "excluded_lines": [], "start_line": 12}, "": {"executed_lines": [3, 5, 6, 8, 11, 12, 15, 16, 17, 18, 19, 22, 29, 30, 31, 32, 33, 34, 35, 36, 37], "summary": {"covered_lines": 21, "num_statements": 21, "percent_covered": 100.0, "percent_covered_display": "100", "missing_lines": 0, "excluded_lines": 0, "percent_statements_covered": 100.0, "percent_statements_covered_display": "100"}, "missing_lines": [], "excluded_lines": [], "start_line": 1}}}, "src/agm/agent/response.py": {"executed_lines": [3, 6, 9, 10, 11, 12, 15, 16], "summary": {"covered_lines": 8, "num_statements": 8, "percent_covered": 100.0, "percent_covered_display": "100", "missing_lines": 0, "excluded_lines": 0, "percent_statements_covered": 100.0, "percent_statements_covered_display": "100"}, "missing_lines": [], "excluded_lines": [], "functions": {"last_response_line": {"executed_lines": [9, 10, 11, 12], "summary": {"covered_lines": 4, "num_statements": 4, "percent_covered": 100.0, "percent_covered_display": "100", "missing_lines": 0, "excluded_lines": 0, "percent_statements_covered": 100.0, "percent_statements_covered_display": "100"}, "missing_lines": [], "excluded_lines": [], "start_line": 6}, "is_complete_output": {"executed_lines": [16], "summary": {"covered_lines": 1, "num_statements": 1, "percent_covered": 100.0, "percent_covered_display": "100", "missing_lines": 0, "excluded_lines": 0, "percent_statements_covered": 100.0, "percent_statements_covered_display": "100"}, "missing_lines": [], "excluded_lines": [], "start_line": 15}, "": {"executed_lines": [3, 6, 15], "summary": {"covered_lines": 3, "num_statements": 3, "percent_covered": 100.0, "percent_covered_display": "100", "missing_lines": 0, "excluded_lines": 0, "percent_statements_covered": 100.0, "percent_statements_covered_display": "100"}, "missing_lines": [], "excluded_lines": [], "start_line": 1}}, "classes": {"": {"executed_lines": [3, 6, 9, 10, 11, 12, 15, 16], "summary": {"covered_lines": 8, "num_statements": 8, "percent_covered": 100.0, "percent_covered_display": "100", "missing_lines": 0, "excluded_lines": 0, "percent_statements_covered": 100.0, "percent_statements_covered_display": "100"}, "missing_lines": [], "excluded_lines": [], "start_line": 1}}}, "src/agm/agent/runner.py": {"executed_lines": [3, 5, 6, 7, 8, 9, 10, 11, 13, 14, 15, 16, 19, 20, 23, 24, 27, 28, 31, 32, 33, 34, 37, 38, 39, 40, 41, 42, 45, 46, 47, 51, 54, 55, 56, 57, 58, 60, 61, 62, 63, 64, 65, 66, 68, 69, 70, 73, 81, 82, 83, 84, 85, 86, 87, 89, 90, 91, 95, 96, 97, 100, 109, 110, 111, 113, 114, 115, 119, 120, 123, 124, 125, 126, 127, 128, 131, 142, 143, 144, 145, 146, 147, 153, 161, 170, 172, 173, 174, 175, 177, 178, 179, 180, 182, 190, 191, 192, 193, 194, 195, 198, 206, 207, 211, 212, 221, 222, 223, 224, 225, 226], "summary": {"covered_lines": 112, "num_statements": 112, "percent_covered": 100.0, "percent_covered_display": "100", "missing_lines": 0, "excluded_lines": 0, "percent_statements_covered": 100.0, "percent_statements_covered_display": "100"}, "missing_lines": [], "excluded_lines": [], "functions": {"split_command": {"executed_lines": [38, 39, 40, 41, 42], "summary": {"covered_lines": 5, "num_statements": 5, "percent_covered": 100.0, "percent_covered_display": "100", "missing_lines": 0, "excluded_lines": 0, "percent_statements_covered": 100.0, "percent_statements_covered_display": "100"}, "missing_lines": [], "excluded_lines": [], "start_line": 37}, "validate_command": {"executed_lines": [46, 47, 51], "summary": {"covered_lines": 3, "num_statements": 3, "percent_covered": 100.0, "percent_covered_display": "100", "missing_lines": 0, "excluded_lines": 0, "percent_statements_covered": 100.0, "percent_statements_covered_display": "100"}, "missing_lines": [], "excluded_lines": [], "start_line": 45}, "command_with_prompt_target": {"executed_lines": [55, 56, 57, 58, 60, 61, 62, 63, 64, 65, 66, 68, 69, 70], "summary": {"covered_lines": 14, "num_statements": 14, "percent_covered": 100.0, "percent_covered_display": "100", "missing_lines": 0, "excluded_lines": 0, "percent_statements_covered": 100.0, "percent_statements_covered_display": "100"}, "missing_lines": [], "excluded_lines": [], "start_line": 54}, "prepare_prompt_from_source": {"executed_lines": [81, 82, 83, 84, 85, 86, 87, 89, 90, 91, 95, 96, 97], "summary": {"covered_lines": 13, "num_statements": 13, "percent_covered": 100.0, "percent_covered_display": "100", "missing_lines": 0, "excluded_lines": 0, "percent_statements_covered": 100.0, "percent_statements_covered_display": "100"}, "missing_lines": [], "excluded_lines": [], "start_line": 73}, "append_extra_prompt": {"executed_lines": [109, 110, 111, 113, 114, 115, 119, 120, 123, 124, 125, 126, 127, 128], "summary": {"covered_lines": 14, "num_statements": 14, "percent_covered": 100.0, "percent_covered_display": "100", "missing_lines": 0, "excluded_lines": 0, "percent_statements_covered": 100.0, "percent_statements_covered_display": "100"}, "missing_lines": [], "excluded_lines": [], "start_line": 100}, "prepare_prompt_run": {"executed_lines": [142, 143, 144, 145, 146, 147, 153], "summary": {"covered_lines": 7, "num_statements": 7, "percent_covered": 100.0, "percent_covered_display": "100", "missing_lines": 0, "excluded_lines": 0, "percent_statements_covered": 100.0, "percent_statements_covered_display": "100"}, "missing_lines": [], "excluded_lines": [], "start_line": 131}, "run_prompt_command": {"executed_lines": [170, 172, 177, 182, 190, 191, 192, 193, 194, 195], "summary": {"covered_lines": 10, "num_statements": 10, "percent_covered": 100.0, "percent_covered_display": "100", "missing_lines": 0, "excluded_lines": 0, "percent_statements_covered": 100.0, "percent_statements_covered_display": "100"}, "missing_lines": [], "excluded_lines": [], "start_line": 161}, "run_prompt_command.handle_stdout": {"executed_lines": [173, 174, 175], "summary": {"covered_lines": 3, "num_statements": 3, "percent_covered": 100.0, "percent_covered_display": "100", "missing_lines": 0, "excluded_lines": 0, "percent_statements_covered": 100.0, "percent_statements_covered_display": "100"}, "missing_lines": [], "excluded_lines": [], "start_line": 172}, "run_prompt_command.handle_stderr": {"executed_lines": [178, 179, 180], "summary": {"covered_lines": 3, "num_statements": 3, "percent_covered": 100.0, "percent_covered_display": "100", "missing_lines": 0, "excluded_lines": 0, "percent_statements_covered": 100.0, "percent_statements_covered_display": "100"}, "missing_lines": [], "excluded_lines": [], "start_line": 177}, "run_prepared_prompt": {"executed_lines": [206, 207, 211, 212], "summary": {"covered_lines": 4, "num_statements": 4, "percent_covered": 100.0, "percent_covered_display": "100", "missing_lines": 0, "excluded_lines": 0, "percent_statements_covered": 100.0, "percent_statements_covered_display": "100"}, "missing_lines": [], "excluded_lines": [], "start_line": 198}, "cleanup_temp_files": {"executed_lines": [222, 223, 224, 225, 226], "summary": {"covered_lines": 5, "num_statements": 5, "percent_covered": 100.0, "percent_covered_display": "100", "missing_lines": 0, "excluded_lines": 0, "percent_statements_covered": 100.0, "percent_statements_covered_display": "100"}, "missing_lines": [], "excluded_lines": [], "start_line": 221}, "": {"executed_lines": [3, 5, 6, 7, 8, 9, 10, 11, 13, 14, 15, 16, 19, 20, 23, 24, 27, 28, 31, 32, 33, 34, 37, 45, 54, 73, 100, 131, 161, 198, 221], "summary": {"covered_lines": 31, "num_statements": 31, "percent_covered": 100.0, "percent_covered_display": "100", "missing_lines": 0, "excluded_lines": 0, "percent_statements_covered": 100.0, "percent_statements_covered_display": "100"}, "missing_lines": [], "excluded_lines": [], "start_line": 1}}, "classes": {"ResolvedPrompt": {"executed_lines": [], "summary": {"covered_lines": 0, "num_statements": 0, "percent_covered": 100.0, "percent_covered_display": "100", "missing_lines": 0, "excluded_lines": 0, "percent_statements_covered": 100.0, "percent_statements_covered_display": "100"}, "missing_lines": [], "excluded_lines": [], "start_line": 20}, "PreparedPromptRun": {"executed_lines": [], "summary": {"covered_lines": 0, "num_statements": 0, "percent_covered": 100.0, "percent_covered_display": "100", "missing_lines": 0, "excluded_lines": 0, "percent_statements_covered": 100.0, "percent_statements_covered_display": "100"}, "missing_lines": [], "excluded_lines": [], "start_line": 28}, "": {"executed_lines": [3, 5, 6, 7, 8, 9, 10, 11, 13, 14, 15, 16, 19, 20, 23, 24, 27, 28, 31, 32, 33, 34, 37, 38, 39, 40, 41, 42, 45, 46, 47, 51, 54, 55, 56, 57, 58, 60, 61, 62, 63, 64, 65, 66, 68, 69, 70, 73, 81, 82, 83, 84, 85, 86, 87, 89, 90, 91, 95, 96, 97, 100, 109, 110, 111, 113, 114, 115, 119, 120, 123, 124, 125, 126, 127, 128, 131, 142, 143, 144, 145, 146, 147, 153, 161, 170, 172, 173, 174, 175, 177, 178, 179, 180, 182, 190, 191, 192, 193, 194, 195, 198, 206, 207, 211, 212, 221, 222, 223, 224, 225, 226], "summary": {"covered_lines": 112, "num_statements": 112, "percent_covered": 100.0, "percent_covered_display": "100", "missing_lines": 0, "excluded_lines": 0, "percent_statements_covered": 100.0, "percent_statements_covered_display": "100"}, "missing_lines": [], "excluded_lines": [], "start_line": 1}}}, "src/agm/agl/__init__.py": {"executed_lines": [22, 24, 25, 26, 28], "summary": {"covered_lines": 5, "num_statements": 5, "percent_covered": 100.0, "percent_covered_display": "100", "missing_lines": 0, "excluded_lines": 1, "percent_statements_covered": 100.0, "percent_statements_covered_display": "100"}, "missing_lines": [], "excluded_lines": [1], "functions": {"": {"executed_lines": [22, 24, 25, 26, 28], "summary": {"covered_lines": 5, "num_statements": 5, "percent_covered": 100.0, "percent_covered_display": "100", "missing_lines": 0, "excluded_lines": 1, "percent_statements_covered": 100.0, "percent_statements_covered_display": "100"}, "missing_lines": [], "excluded_lines": [1], "start_line": 1}}, "classes": {"": {"executed_lines": [22, 24, 25, 26, 28], "summary": {"covered_lines": 5, "num_statements": 5, "percent_covered": 100.0, "percent_covered_display": "100", "missing_lines": 0, "excluded_lines": 1, "percent_statements_covered": 100.0, "percent_statements_covered_display": "100"}, "missing_lines": [], "excluded_lines": [1], "start_line": 1}}}, "src/agm/agl/capabilities.py": {"executed_lines": [31, 33, 36, 37, 66, 67, 68, 69, 70, 71], "summary": {"covered_lines": 10, "num_statements": 10, "percent_covered": 100.0, "percent_covered_display": "100", "missing_lines": 0, "excluded_lines": 0, "percent_statements_covered": 100.0, "percent_statements_covered_display": "100"}, "missing_lines": [], "excluded_lines": [], "functions": {"": {"executed_lines": [31, 33, 36, 37, 66, 67, 68, 69, 70, 71], "summary": {"covered_lines": 10, "num_statements": 10, "percent_covered": 100.0, "percent_covered_display": "100", "missing_lines": 0, "excluded_lines": 0, "percent_statements_covered": 100.0, "percent_statements_covered_display": "100"}, "missing_lines": [], "excluded_lines": [], "start_line": 1}}, "classes": {"HostCapabilities": {"executed_lines": [], "summary": {"covered_lines": 0, "num_statements": 0, "percent_covered": 100.0, "percent_covered_display": "100", "missing_lines": 0, "excluded_lines": 0, "percent_statements_covered": 100.0, "percent_statements_covered_display": "100"}, "missing_lines": [], "excluded_lines": [], "start_line": 37}, "": {"executed_lines": [31, 33, 36, 37, 66, 67, 68, 69, 70, 71], "summary": {"covered_lines": 10, "num_statements": 10, "percent_covered": 100.0, "percent_covered_display": "100", "missing_lines": 0, "excluded_lines": 0, "percent_statements_covered": 100.0, "percent_statements_covered_display": "100"}, "missing_lines": [], "excluded_lines": [], "start_line": 1}}}, "src/agm/agl/diagnostics.py": {"executed_lines": [12, 14, 15, 18, 21, 22, 31, 32, 33, 36, 39, 40, 41, 43, 44, 45], "summary": {"covered_lines": 16, "num_statements": 16, "percent_covered": 100.0, "percent_covered_display": "100", "missing_lines": 0, "excluded_lines": 0, "percent_statements_covered": 100.0, "percent_statements_covered_display": "100"}, "missing_lines": [], "excluded_lines": [], "functions": {"AglError.__init__": {"executed_lines": [40, 41], "summary": {"covered_lines": 2, "num_statements": 2, "percent_covered": 100.0, "percent_covered_display": "100", "missing_lines": 0, "excluded_lines": 0, "percent_statements_covered": 100.0, "percent_statements_covered_display": "100"}, "missing_lines": [], "excluded_lines": [], "start_line": 39}, "AglError.to_diagnostic": {"executed_lines": [44, 45], "summary": {"covered_lines": 2, "num_statements": 2, "percent_covered": 100.0, "percent_covered_display": "100", "missing_lines": 0, "excluded_lines": 0, "percent_statements_covered": 100.0, "percent_statements_covered_display": "100"}, "missing_lines": [], "excluded_lines": [], "start_line": 43}, "": {"executed_lines": [12, 14, 15, 18, 21, 22, 31, 32, 33, 36, 39, 43], "summary": {"covered_lines": 12, "num_statements": 12, "percent_covered": 100.0, "percent_covered_display": "100", "missing_lines": 0, "excluded_lines": 0, "percent_statements_covered": 100.0, "percent_statements_covered_display": "100"}, "missing_lines": [], "excluded_lines": [], "start_line": 1}}, "classes": {"Diagnostic": {"executed_lines": [], "summary": {"covered_lines": 0, "num_statements": 0, "percent_covered": 100.0, "percent_covered_display": "100", "missing_lines": 0, "excluded_lines": 0, "percent_statements_covered": 100.0, "percent_statements_covered_display": "100"}, "missing_lines": [], "excluded_lines": [], "start_line": 22}, "AglError": {"executed_lines": [40, 41, 44, 45], "summary": {"covered_lines": 4, "num_statements": 4, "percent_covered": 100.0, "percent_covered_display": "100", "missing_lines": 0, "excluded_lines": 0, "percent_statements_covered": 100.0, "percent_statements_covered_display": "100"}, "missing_lines": [], "excluded_lines": [], "start_line": 36}, "": {"executed_lines": [12, 14, 15, 18, 21, 22, 31, 32, 33, 36, 39, 43], "summary": {"covered_lines": 12, "num_statements": 12, "percent_covered": 100.0, "percent_covered_display": "100", "missing_lines": 0, "excluded_lines": 0, "percent_statements_covered": 100.0, "percent_statements_covered_display": "100"}, "missing_lines": [], "excluded_lines": [], "start_line": 1}}}, "src/agm/agl/eval/__init__.py": {"executed_lines": [14, 16, 17, 18, 19, 33], "summary": {"covered_lines": 6, "num_statements": 6, "percent_covered": 100.0, "percent_covered_display": "100", "missing_lines": 0, "excluded_lines": 0, "percent_statements_covered": 100.0, "percent_statements_covered_display": "100"}, "missing_lines": [], "excluded_lines": [], "functions": {"": {"executed_lines": [14, 16, 17, 18, 19, 33], "summary": {"covered_lines": 6, "num_statements": 6, "percent_covered": 100.0, "percent_covered_display": "100", "missing_lines": 0, "excluded_lines": 0, "percent_statements_covered": 100.0, "percent_statements_covered_display": "100"}, "missing_lines": [], "excluded_lines": [], "start_line": 1}}, "classes": {"": {"executed_lines": [14, 16, 17, 18, 19, 33], "summary": {"covered_lines": 6, "num_statements": 6, "percent_covered": 100.0, "percent_covered_display": "100", "missing_lines": 0, "excluded_lines": 0, "percent_statements_covered": 100.0, "percent_statements_covered_display": "100"}, "missing_lines": [], "excluded_lines": [], "start_line": 1}}}, "src/agm/agl/eval/exceptions.py": {"executed_lines": [16, 18, 21, 30, 31, 32], "summary": {"covered_lines": 6, "num_statements": 6, "percent_covered": 100.0, "percent_covered_display": "100", "missing_lines": 0, "excluded_lines": 0, "percent_statements_covered": 100.0, "percent_statements_covered_display": "100"}, "missing_lines": [], "excluded_lines": [], "functions": {"AglRaise.__init__": {"executed_lines": [31, 32], "summary": {"covered_lines": 2, "num_statements": 2, "percent_covered": 100.0, "percent_covered_display": "100", "missing_lines": 0, "excluded_lines": 0, "percent_statements_covered": 100.0, "percent_statements_covered_display": "100"}, "missing_lines": [], "excluded_lines": [], "start_line": 30}, "": {"executed_lines": [16, 18, 21, 30], "summary": {"covered_lines": 4, "num_statements": 4, "percent_covered": 100.0, "percent_covered_display": "100", "missing_lines": 0, "excluded_lines": 0, "percent_statements_covered": 100.0, "percent_statements_covered_display": "100"}, "missing_lines": [], "excluded_lines": [], "start_line": 1}}, "classes": {"AglRaise": {"executed_lines": [31, 32], "summary": {"covered_lines": 2, "num_statements": 2, "percent_covered": 100.0, "percent_covered_display": "100", "missing_lines": 0, "excluded_lines": 0, "percent_statements_covered": 100.0, "percent_statements_covered_display": "100"}, "missing_lines": [], "excluded_lines": [], "start_line": 21}, "": {"executed_lines": [16, 18, 21, 30], "summary": {"covered_lines": 4, "num_statements": 4, "percent_covered": 100.0, "percent_covered_display": "100", "missing_lines": 0, "excluded_lines": 0, "percent_statements_covered": 100.0, "percent_statements_covered_display": "100"}, "missing_lines": [], "excluded_lines": [], "start_line": 1}}}, "src/agm/agl/eval/interpreter.py": {"executed_lines": [9, 11, 12, 14, 15, 16, 29, 73, 90, 93, 95, 99, 100, 103, 115, 125, 126, 127, 128, 129, 130, 132, 138, 143, 144, 145, 151, 152, 153, 154, 155, 156, 157, 158, 159, 160, 161, 162, 163, 164, 165, 166, 167, 168, 169, 170, 171, 172, 173, 174, 175, 176, 177, 181, 182, 184, 185, 186, 187, 188, 190, 191, 192, 193, 194, 195, 196, 198, 199, 201, 202, 203, 204, 206, 207, 209, 210, 211, 213, 214, 215, 217, 218, 219, 220, 221, 222, 224, 232, 233, 234, 235, 236, 237, 238, 239, 240, 241, 242, 243, 244, 247, 248, 249, 250, 251, 252, 253, 254, 257, 258, 259, 261, 268, 269, 270, 271, 272, 273, 274, 275, 276, 277, 278, 284, 285, 286, 288, 290, 291, 292, 293, 294, 302, 304, 305, 306, 307, 308, 309, 310, 311, 312, 313, 315, 316, 317, 318, 320, 321, 322, 323, 324, 325, 326, 327, 328, 329, 330, 331, 332, 333, 334, 335, 336, 337, 338, 339, 342, 343, 344, 345, 346, 348, 349, 350, 351, 352, 353, 359, 360, 361, 363, 364, 365, 366, 367, 369, 370, 374, 376, 377, 381, 382, 387, 389, 391, 392, 393, 394, 395, 396, 398, 399, 400, 401, 406, 408, 410, 412, 413, 419, 425, 426, 428, 431, 432, 435, 436, 438, 447, 450, 458, 467, 468, 471, 472, 474, 477, 478, 481, 482, 484, 486, 487, 488, 489, 497, 498, 501, 502, 503, 505, 506, 512, 513, 529, 532, 535, 536, 537, 540, 542, 543, 546, 551, 552, 553, 556, 557, 558, 559, 563, 570, 579, 580, 581, 583, 584, 585, 586, 590, 591, 592, 597, 598, 600, 603, 604, 605, 606, 607, 608, 611, 619, 622, 623, 627, 636, 637, 638, 639, 641, 642, 643, 644, 646, 647, 648, 649, 655, 656, 657, 658, 659, 660, 666, 667, 668, 669, 670, 671, 672, 673, 676, 677, 690, 695, 697, 698, 699, 700, 701, 702, 703, 704, 705, 706, 707, 710, 712, 713, 714, 717, 719, 720, 721, 722, 723, 724, 725, 728, 730, 731, 732, 733, 734, 735, 736, 737, 738, 739, 742, 744, 745, 746, 747, 754, 755, 758, 759, 760, 761, 762, 763, 766, 772, 773, 774, 775, 776, 779, 781, 782, 783, 784, 787, 788, 789, 790, 795, 796, 797, 798, 799, 800, 801, 806, 812, 813, 814, 815, 816, 817, 819, 822, 828, 829, 830, 831, 832, 833, 834, 835, 836, 841, 843, 845, 849, 850, 851, 854, 860, 870, 871, 873, 874, 876, 877, 878, 879, 880, 881, 882, 883, 884, 885, 886, 887, 890, 892, 896, 897, 898, 899, 900, 901, 902, 903, 904, 905, 906, 911, 913, 914, 915, 916, 917, 918, 919], "summary": {"covered_lines": 450, "num_statements": 450, "percent_covered": 100.0, "percent_covered_display": "100", "missing_lines": 0, "excluded_lines": 18, "percent_statements_covered": 100.0, "percent_statements_covered_display": "100"}, "missing_lines": [], "excluded_lines": [84, 85, 86, 87, 179, 340, 355, 371, 373, 383, 405, 566, 588, 625, 651, 662, 889, 908], "functions": {"_make_exc_value": {"executed_lines": [95, 99, 100], "summary": {"covered_lines": 3, "num_statements": 3, "percent_covered": 100.0, "percent_covered_display": "100", "missing_lines": 0, "excluded_lines": 0, "percent_statements_covered": 100.0, "percent_statements_covered_display": "100"}, "missing_lines": [], "excluded_lines": [], "start_line": 93}, "Interpreter.__init__": {"executed_lines": [125, 126, 127, 128, 129, 130, 132], "summary": {"covered_lines": 7, "num_statements": 7, "percent_covered": 100.0, "percent_covered_display": "100", "missing_lines": 0, "excluded_lines": 0, "percent_statements_covered": 100.0, "percent_statements_covered_display": "100"}, "missing_lines": [], "excluded_lines": [], "start_line": 115}, "Interpreter.execute": {"executed_lines": [143, 144, 145], "summary": {"covered_lines": 3, "num_statements": 3, "percent_covered": 100.0, "percent_covered_display": "100", "missing_lines": 0, "excluded_lines": 0, "percent_statements_covered": 100.0, "percent_statements_covered_display": "100"}, "missing_lines": [], "excluded_lines": [], "start_line": 138}, "Interpreter._exec_stmt": {"executed_lines": [152, 153, 154, 155, 156, 157, 158, 159, 160, 161, 162, 163, 164, 165, 166, 167, 168, 169, 170, 171, 172, 173, 174, 175, 176, 177], "summary": {"covered_lines": 26, "num_statements": 26, "percent_covered": 100.0, "percent_covered_display": "100", "missing_lines": 0, "excluded_lines": 1, "percent_statements_covered": 100.0, "percent_statements_covered_display": "100"}, "missing_lines": [], "excluded_lines": [179], "start_line": 151}, "Interpreter._exec_let": {"executed_lines": [182, 184, 185, 186, 187, 188], "summary": {"covered_lines": 6, "num_statements": 6, "percent_covered": 100.0, "percent_covered_display": "100", "missing_lines": 0, "excluded_lines": 0, "percent_statements_covered": 100.0, "percent_statements_covered_display": "100"}, "missing_lines": [], "excluded_lines": [], "start_line": 181}, "Interpreter._exec_var": {"executed_lines": [191, 192, 193, 194, 195, 196], "summary": {"covered_lines": 6, "num_statements": 6, "percent_covered": 100.0, "percent_covered_display": "100", "missing_lines": 0, "excluded_lines": 0, "percent_statements_covered": 100.0, "percent_statements_covered_display": "100"}, "missing_lines": [], "excluded_lines": [], "start_line": 190}, "Interpreter._exec_set": {"executed_lines": [199, 201, 202, 203, 204], "summary": {"covered_lines": 5, "num_statements": 5, "percent_covered": 100.0, "percent_covered_display": "100", "missing_lines": 0, "excluded_lines": 0, "percent_statements_covered": 100.0, "percent_statements_covered_display": "100"}, "missing_lines": [], "excluded_lines": [], "start_line": 198}, "Interpreter._exec_print": {"executed_lines": [207, 209, 210, 211], "summary": {"covered_lines": 4, "num_statements": 4, "percent_covered": 100.0, "percent_covered_display": "100", "missing_lines": 0, "excluded_lines": 0, "percent_statements_covered": 100.0, "percent_statements_covered_display": "100"}, "missing_lines": [], "excluded_lines": [], "start_line": 206}, "Interpreter._exec_do_until": {"executed_lines": [214, 215, 217, 218, 219, 220, 221, 222, 224], "summary": {"covered_lines": 9, "num_statements": 9, "percent_covered": 100.0, "percent_covered_display": "100", "missing_lines": 0, "excluded_lines": 0, "percent_statements_covered": 100.0, "percent_statements_covered_display": "100"}, "missing_lines": [], "excluded_lines": [], "start_line": 213}, "Interpreter._exec_if": {"executed_lines": [233, 234, 235, 236, 237, 238, 239, 240, 241, 242, 243, 244], "summary": {"covered_lines": 12, "num_statements": 12, "percent_covered": 100.0, "percent_covered_display": "100", "missing_lines": 0, "excluded_lines": 0, "percent_statements_covered": 100.0, "percent_statements_covered_display": "100"}, "missing_lines": [], "excluded_lines": [], "start_line": 232}, "Interpreter._exec_case_stmt": {"executed_lines": [248, 249, 250, 251, 252, 253, 254, 257, 258, 259, 261], "summary": {"covered_lines": 11, "num_statements": 11, "percent_covered": 100.0, "percent_covered_display": "100", "missing_lines": 0, "excluded_lines": 0, "percent_statements_covered": 100.0, "percent_statements_covered_display": "100"}, "missing_lines": [], "excluded_lines": [], "start_line": 247}, "Interpreter._exec_try_catch": {"executed_lines": [269, 270, 271, 272, 273, 274, 275, 276, 277, 278, 284, 285, 286, 288], "summary": {"covered_lines": 14, "num_statements": 14, "percent_covered": 100.0, "percent_covered_display": "100", "missing_lines": 0, "excluded_lines": 0, "percent_statements_covered": 100.0, "percent_statements_covered_display": "100"}, "missing_lines": [], "excluded_lines": [], "start_line": 268}, "Interpreter._exec_raise": {"executed_lines": [291, 292, 293, 294], "summary": {"covered_lines": 4, "num_statements": 4, "percent_covered": 100.0, "percent_covered_display": "100", "missing_lines": 0, "excluded_lines": 0, "percent_statements_covered": 100.0, "percent_statements_covered_display": "100"}, "missing_lines": [], "excluded_lines": [], "start_line": 290}, "Interpreter._eval_expr": {"executed_lines": [304, 305, 306, 307, 308, 309, 310, 311, 312, 313, 315, 316, 317, 318, 320, 321, 322, 323, 324, 325, 326, 327, 328, 329, 330, 331, 332, 333, 334, 335, 336, 337, 338, 339], "summary": {"covered_lines": 34, "num_statements": 34, "percent_covered": 100.0, "percent_covered_display": "100", "missing_lines": 0, "excluded_lines": 1, "percent_statements_covered": 100.0, "percent_statements_covered_display": "100"}, "missing_lines": [], "excluded_lines": [340], "start_line": 302}, "Interpreter._eval_unary_not": {"executed_lines": [343, 344, 345, 346], "summary": {"covered_lines": 4, "num_statements": 4, "percent_covered": 100.0, "percent_covered_display": "100", "missing_lines": 0, "excluded_lines": 0, "percent_statements_covered": 100.0, "percent_statements_covered_display": "100"}, "missing_lines": [], "excluded_lines": [], "start_line": 342}, "Interpreter._eval_unary_neg": {"executed_lines": [349, 350, 351, 352, 353], "summary": {"covered_lines": 5, "num_statements": 5, "percent_covered": 100.0, "percent_covered_display": "100", "missing_lines": 0, "excluded_lines": 1, "percent_statements_covered": 100.0, "percent_statements_covered_display": "100"}, "missing_lines": [], "excluded_lines": [355], "start_line": 348}, "Interpreter._eval_list_lit": {"executed_lines": [360, 361], "summary": {"covered_lines": 2, "num_statements": 2, "percent_covered": 100.0, "percent_covered_display": "100", "missing_lines": 0, "excluded_lines": 0, "percent_statements_covered": 100.0, "percent_statements_covered_display": "100"}, "missing_lines": [], "excluded_lines": [], "start_line": 359}, "Interpreter._eval_dict_lit": {"executed_lines": [364, 365, 366, 367], "summary": {"covered_lines": 4, "num_statements": 4, "percent_covered": 100.0, "percent_covered_display": "100", "missing_lines": 0, "excluded_lines": 0, "percent_statements_covered": 100.0, "percent_statements_covered_display": "100"}, "missing_lines": [], "excluded_lines": [], "start_line": 363}, "Interpreter._eval_var_ref": {"executed_lines": [370, 374], "summary": {"covered_lines": 2, "num_statements": 2, "percent_covered": 100.0, "percent_covered_display": "100", "missing_lines": 0, "excluded_lines": 2, "percent_statements_covered": 100.0, "percent_statements_covered_display": "100"}, "missing_lines": [], "excluded_lines": [371, 373], "start_line": 369}, "Interpreter._eval_field_access": {"executed_lines": [377, 381, 382], "summary": {"covered_lines": 3, "num_statements": 3, "percent_covered": 100.0, "percent_covered_display": "100", "missing_lines": 0, "excluded_lines": 1, "percent_statements_covered": 100.0, "percent_statements_covered_display": "100"}, "missing_lines": [], "excluded_lines": [383], "start_line": 376}, "Interpreter._eval_template": {"executed_lines": [389, 391, 392, 393, 394, 395, 396, 398, 399, 400, 401, 406], "summary": {"covered_lines": 12, "num_statements": 12, "percent_covered": 100.0, "percent_covered_display": "100", "missing_lines": 0, "excluded_lines": 1, "percent_statements_covered": 100.0, "percent_statements_covered_display": "100"}, "missing_lines": [], "excluded_lines": [405], "start_line": 387}, "Interpreter._eval_agent_call": {"executed_lines": [410, 412, 413, 419, 425, 426, 428, 431, 432, 435, 436, 438, 447, 450], "summary": {"covered_lines": 14, "num_statements": 14, "percent_covered": 100.0, "percent_covered_display": "100", "missing_lines": 0, "excluded_lines": 0, "percent_statements_covered": 100.0, "percent_statements_covered_display": "100"}, "missing_lines": [], "excluded_lines": [], "start_line": 408}, "Interpreter._dispatch_agent_call": {"executed_lines": [467, 468, 471, 472, 474, 477, 478, 481, 482, 484, 486, 487, 488, 489, 497, 498, 501, 502, 503, 505, 506, 512, 513], "summary": {"covered_lines": 23, "num_statements": 23, "percent_covered": 100.0, "percent_covered_display": "100", "missing_lines": 0, "excluded_lines": 0, "percent_statements_covered": 100.0, "percent_statements_covered_display": "100"}, "missing_lines": [], "excluded_lines": [], "start_line": 458}, "Interpreter._eval_constructor": {"executed_lines": [532, 535, 536, 537, 540, 542, 543, 546, 551, 552, 553, 556, 557, 558, 559, 563], "summary": {"covered_lines": 16, "num_statements": 16, "percent_covered": 100.0, "percent_covered_display": "100", "missing_lines": 0, "excluded_lines": 1, "percent_statements_covered": 100.0, "percent_statements_covered_display": "100"}, "missing_lines": [], "excluded_lines": [566], "start_line": 529}, "Interpreter._resolve_constructor_name": {"executed_lines": [579, 580, 581, 583, 584, 585, 586], "summary": {"covered_lines": 7, "num_statements": 7, "percent_covered": 100.0, "percent_covered_display": "100", "missing_lines": 0, "excluded_lines": 1, "percent_statements_covered": 100.0, "percent_statements_covered_display": "100"}, "missing_lines": [], "excluded_lines": [588], "start_line": 570}, "Interpreter._eval_binary_op": {"executed_lines": [591, 592, 597, 598, 600, 603, 604, 605, 606, 607, 608, 611, 619, 622, 623], "summary": {"covered_lines": 15, "num_statements": 15, "percent_covered": 100.0, "percent_covered_display": "100", "missing_lines": 0, "excluded_lines": 1, "percent_statements_covered": 100.0, "percent_statements_covered_display": "100"}, "missing_lines": [], "excluded_lines": [625], "start_line": 590}, "Interpreter._eval_bool_binop": {"executed_lines": [636, 637, 638, 639, 641, 642, 643, 644], "summary": {"covered_lines": 8, "num_statements": 8, "percent_covered": 100.0, "percent_covered_display": "100", "missing_lines": 0, "excluded_lines": 0, "percent_statements_covered": 100.0, "percent_statements_covered_display": "100"}, "missing_lines": [], "excluded_lines": [], "start_line": 627}, "Interpreter._require_bool": {"executed_lines": [648, 649], "summary": {"covered_lines": 2, "num_statements": 2, "percent_covered": 100.0, "percent_covered_display": "100", "missing_lines": 0, "excluded_lines": 1, "percent_statements_covered": 100.0, "percent_statements_covered_display": "100"}, "missing_lines": [], "excluded_lines": [651], "start_line": 647}, "Interpreter._eval_is_test": {"executed_lines": [656, 657, 658, 659, 660], "summary": {"covered_lines": 5, "num_statements": 5, "percent_covered": 100.0, "percent_covered_display": "100", "missing_lines": 0, "excluded_lines": 1, "percent_statements_covered": 100.0, "percent_statements_covered_display": "100"}, "missing_lines": [], "excluded_lines": [662], "start_line": 655}, "Interpreter._eval_case_expr": {"executed_lines": [667, 668, 669, 670, 671, 672, 673, 676, 677], "summary": {"covered_lines": 9, "num_statements": 9, "percent_covered": 100.0, "percent_covered_display": "100", "missing_lines": 0, "excluded_lines": 0, "percent_statements_covered": 100.0, "percent_statements_covered_display": "100"}, "missing_lines": [], "excluded_lines": [], "start_line": 666}, "_resolve_type_ann": {"executed_lines": [695, 697, 698, 699, 700, 701, 702, 703, 704, 705, 706, 707], "summary": {"covered_lines": 12, "num_statements": 12, "percent_covered": 100.0, "percent_covered_display": "100", "missing_lines": 0, "excluded_lines": 0, "percent_statements_covered": 100.0, "percent_statements_covered_display": "100"}, "missing_lines": [], "excluded_lines": [], "start_line": 690}, "_coerce": {"executed_lines": [712, 713, 714], "summary": {"covered_lines": 3, "num_statements": 3, "percent_covered": 100.0, "percent_covered_display": "100", "missing_lines": 0, "excluded_lines": 0, "percent_statements_covered": 100.0, "percent_statements_covered_display": "100"}, "missing_lines": [], "excluded_lines": [], "start_line": 710}, "_add": {"executed_lines": [719, 720, 721, 722, 723, 724, 725], "summary": {"covered_lines": 7, "num_statements": 7, "percent_covered": 100.0, "percent_covered_display": "100", "missing_lines": 0, "excluded_lines": 0, "percent_statements_covered": 100.0, "percent_statements_covered_display": "100"}, "missing_lines": [], "excluded_lines": [], "start_line": 717}, "_arith": {"executed_lines": [730, 731, 732, 733, 734, 735, 736, 737, 738, 739], "summary": {"covered_lines": 10, "num_statements": 10, "percent_covered": 100.0, "percent_covered_display": "100", "missing_lines": 0, "excluded_lines": 0, "percent_statements_covered": 100.0, "percent_statements_covered_display": "100"}, "missing_lines": [], "excluded_lines": [], "start_line": 728}, "_div": {"executed_lines": [744, 745, 746, 747, 754, 755], "summary": {"covered_lines": 6, "num_statements": 6, "percent_covered": 100.0, "percent_covered_display": "100", "missing_lines": 0, "excluded_lines": 0, "percent_statements_covered": 100.0, "percent_statements_covered_display": "100"}, "missing_lines": [], "excluded_lines": [], "start_line": 742}, "_to_decimal": {"executed_lines": [759, 760, 761, 762, 763], "summary": {"covered_lines": 5, "num_statements": 5, "percent_covered": 100.0, "percent_covered_display": "100", "missing_lines": 0, "excluded_lines": 0, "percent_statements_covered": 100.0, "percent_statements_covered_display": "100"}, "missing_lines": [], "excluded_lines": [], "start_line": 758}, "_value_eq": {"executed_lines": [772, 773, 774, 775, 776], "summary": {"covered_lines": 5, "num_statements": 5, "percent_covered": 100.0, "percent_covered_display": "100", "missing_lines": 0, "excluded_lines": 0, "percent_statements_covered": 100.0, "percent_statements_covered_display": "100"}, "missing_lines": [], "excluded_lines": [], "start_line": 766}, "_compare": {"executed_lines": [781, 782, 783, 784, 787, 788, 789, 790, 795, 796, 797, 798, 799, 800, 801], "summary": {"covered_lines": 15, "num_statements": 15, "percent_covered": 100.0, "percent_covered_display": "100", "missing_lines": 0, "excluded_lines": 0, "percent_statements_covered": 100.0, "percent_statements_covered_display": "100"}, "missing_lines": [], "excluded_lines": [], "start_line": 779}, "_order_result": {"executed_lines": [812, 813, 814, 815, 816, 817, 819], "summary": {"covered_lines": 7, "num_statements": 7, "percent_covered": 100.0, "percent_covered_display": "100", "missing_lines": 0, "excluded_lines": 0, "percent_statements_covered": 100.0, "percent_statements_covered_display": "100"}, "missing_lines": [], "excluded_lines": [], "start_line": 806}, "_in_op": {"executed_lines": [828, 829, 830, 831, 832, 833, 834, 835, 836], "summary": {"covered_lines": 9, "num_statements": 9, "percent_covered": 100.0, "percent_covered_display": "100", "missing_lines": 0, "excluded_lines": 0, "percent_statements_covered": 100.0, "percent_statements_covered_display": "100"}, "missing_lines": [], "excluded_lines": [], "start_line": 822}, "_matches_catch": {"executed_lines": [843, 845, 849, 850, 851], "summary": {"covered_lines": 5, "num_statements": 5, "percent_covered": 100.0, "percent_covered_display": "100", "missing_lines": 0, "excluded_lines": 0, "percent_statements_covered": 100.0, "percent_statements_covered_display": "100"}, "missing_lines": [], "excluded_lines": [], "start_line": 841}, "_match_pattern": {"executed_lines": [860, 870, 871, 873, 874, 876, 877, 878, 879, 880, 881, 882, 883, 884, 885, 886, 887, 890, 892, 896, 897, 898, 899, 900, 901, 902, 903, 904, 905, 906], "summary": {"covered_lines": 30, "num_statements": 30, "percent_covered": 100.0, "percent_covered_display": "100", "missing_lines": 0, "excluded_lines": 2, "percent_statements_covered": 100.0, "percent_statements_covered_display": "100"}, "missing_lines": [], "excluded_lines": [889, 908], "start_line": 854}, "_describe_value": {"executed_lines": [913, 914, 915, 916, 917, 918, 919], "summary": {"covered_lines": 7, "num_statements": 7, "percent_covered": 100.0, "percent_covered_display": "100", "missing_lines": 0, "excluded_lines": 0, "percent_statements_covered": 100.0, "percent_statements_covered_display": "100"}, "missing_lines": [], "excluded_lines": [], "start_line": 911}, "": {"executed_lines": [9, 11, 12, 14, 15, 16, 29, 73, 90, 93, 103, 115, 138, 151, 181, 190, 198, 206, 213, 232, 247, 268, 290, 302, 342, 348, 359, 363, 369, 376, 387, 408, 458, 529, 570, 590, 627, 646, 647, 655, 666, 690, 710, 717, 728, 742, 758, 766, 779, 806, 822, 841, 854, 911], "summary": {"covered_lines": 54, "num_statements": 54, "percent_covered": 100.0, "percent_covered_display": "100", "missing_lines": 0, "excluded_lines": 4, "percent_statements_covered": 100.0, "percent_statements_covered_display": "100"}, "missing_lines": [], "excluded_lines": [84, 85, 86, 87], "start_line": 1}}, "classes": {"Interpreter": {"executed_lines": [125, 126, 127, 128, 129, 130, 132, 143, 144, 145, 152, 153, 154, 155, 156, 157, 158, 159, 160, 161, 162, 163, 164, 165, 166, 167, 168, 169, 170, 171, 172, 173, 174, 175, 176, 177, 182, 184, 185, 186, 187, 188, 191, 192, 193, 194, 195, 196, 199, 201, 202, 203, 204, 207, 209, 210, 211, 214, 215, 217, 218, 219, 220, 221, 222, 224, 233, 234, 235, 236, 237, 238, 239, 240, 241, 242, 243, 244, 248, 249, 250, 251, 252, 253, 254, 257, 258, 259, 261, 269, 270, 271, 272, 273, 274, 275, 276, 277, 278, 284, 285, 286, 288, 291, 292, 293, 294, 304, 305, 306, 307, 308, 309, 310, 311, 312, 313, 315, 316, 317, 318, 320, 321, 322, 323, 324, 325, 326, 327, 328, 329, 330, 331, 332, 333, 334, 335, 336, 337, 338, 339, 343, 344, 345, 346, 349, 350, 351, 352, 353, 360, 361, 364, 365, 366, 367, 370, 374, 377, 381, 382, 389, 391, 392, 393, 394, 395, 396, 398, 399, 400, 401, 406, 410, 412, 413, 419, 425, 426, 428, 431, 432, 435, 436, 438, 447, 450, 467, 468, 471, 472, 474, 477, 478, 481, 482, 484, 486, 487, 488, 489, 497, 498, 501, 502, 503, 505, 506, 512, 513, 532, 535, 536, 537, 540, 542, 543, 546, 551, 552, 553, 556, 557, 558, 559, 563, 579, 580, 581, 583, 584, 585, 586, 591, 592, 597, 598, 600, 603, 604, 605, 606, 607, 608, 611, 619, 622, 623, 636, 637, 638, 639, 641, 642, 643, 644, 648, 649, 656, 657, 658, 659, 660, 667, 668, 669, 670, 671, 672, 673, 676, 677], "summary": {"covered_lines": 272, "num_statements": 272, "percent_covered": 100.0, "percent_covered_display": "100", "missing_lines": 0, "excluded_lines": 12, "percent_statements_covered": 100.0, "percent_statements_covered_display": "100"}, "missing_lines": [], "excluded_lines": [179, 340, 355, 371, 373, 383, 405, 566, 588, 625, 651, 662], "start_line": 103}, "": {"executed_lines": [9, 11, 12, 14, 15, 16, 29, 73, 90, 93, 95, 99, 100, 103, 115, 138, 151, 181, 190, 198, 206, 213, 232, 247, 268, 290, 302, 342, 348, 359, 363, 369, 376, 387, 408, 458, 529, 570, 590, 627, 646, 647, 655, 666, 690, 695, 697, 698, 699, 700, 701, 702, 703, 704, 705, 706, 707, 710, 712, 713, 714, 717, 719, 720, 721, 722, 723, 724, 725, 728, 730, 731, 732, 733, 734, 735, 736, 737, 738, 739, 742, 744, 745, 746, 747, 754, 755, 758, 759, 760, 761, 762, 763, 766, 772, 773, 774, 775, 776, 779, 781, 782, 783, 784, 787, 788, 789, 790, 795, 796, 797, 798, 799, 800, 801, 806, 812, 813, 814, 815, 816, 817, 819, 822, 828, 829, 830, 831, 832, 833, 834, 835, 836, 841, 843, 845, 849, 850, 851, 854, 860, 870, 871, 873, 874, 876, 877, 878, 879, 880, 881, 882, 883, 884, 885, 886, 887, 890, 892, 896, 897, 898, 899, 900, 901, 902, 903, 904, 905, 906, 911, 913, 914, 915, 916, 917, 918, 919], "summary": {"covered_lines": 178, "num_statements": 178, "percent_covered": 100.0, "percent_covered_display": "100", "missing_lines": 0, "excluded_lines": 6, "percent_statements_covered": 100.0, "percent_statements_covered_display": "100"}, "missing_lines": [], "excluded_lines": [84, 85, 86, 87, 889, 908], "start_line": 1}}}, "src/agm/agl/eval/scope.py": {"executed_lines": [11, 13, 14, 16, 17, 20, 21, 24, 25, 26, 27, 30, 31, 39, 40, 42, 43, 44, 46, 48, 52, 54, 55, 56, 57, 58, 59, 60, 62, 68, 69, 70, 71, 72, 73, 74, 76, 82, 83, 85, 86, 87, 88, 89, 90, 91, 92], "summary": {"covered_lines": 47, "num_statements": 47, "percent_covered": 100.0, "percent_covered_display": "100", "missing_lines": 0, "excluded_lines": 0, "percent_statements_covered": 100.0, "percent_statements_covered_display": "100"}, "missing_lines": [], "excluded_lines": [], "functions": {"Scope.__init__": {"executed_lines": [43, 44], "summary": {"covered_lines": 2, "num_statements": 2, "percent_covered": 100.0, "percent_covered_display": "100", "missing_lines": 0, "excluded_lines": 0, "percent_statements_covered": 100.0, "percent_statements_covered_display": "100"}, "missing_lines": [], "excluded_lines": [], "start_line": 42}, "Scope.define": {"executed_lines": [48], "summary": {"covered_lines": 1, "num_statements": 1, "percent_covered": 100.0, "percent_covered_display": "100", "missing_lines": 0, "excluded_lines": 0, "percent_statements_covered": 100.0, "percent_statements_covered_display": "100"}, "missing_lines": [], "excluded_lines": [], "start_line": 46}, "Scope.lookup": {"executed_lines": [54, 55, 56, 57, 58, 59, 60], "summary": {"covered_lines": 7, "num_statements": 7, "percent_covered": 100.0, "percent_covered_display": "100", "missing_lines": 0, "excluded_lines": 0, "percent_statements_covered": 100.0, "percent_statements_covered_display": "100"}, "missing_lines": [], "excluded_lines": [], "start_line": 52}, "Scope.set_value": {"executed_lines": [68, 69, 70, 71, 72, 73, 74], "summary": {"covered_lines": 7, "num_statements": 7, "percent_covered": 100.0, "percent_covered_display": "100", "missing_lines": 0, "excluded_lines": 0, "percent_statements_covered": 100.0, "percent_statements_covered_display": "100"}, "missing_lines": [], "excluded_lines": [], "start_line": 62}, "Scope.snapshot": {"executed_lines": [82, 83, 85, 86, 87, 88, 89, 90, 91, 92], "summary": {"covered_lines": 10, "num_statements": 10, "percent_covered": 100.0, "percent_covered_display": "100", "missing_lines": 0, "excluded_lines": 0, "percent_statements_covered": 100.0, "percent_statements_covered_display": "100"}, "missing_lines": [], "excluded_lines": [], "start_line": 76}, "": {"executed_lines": [11, 13, 14, 16, 17, 20, 21, 24, 25, 26, 27, 30, 31, 39, 40, 42, 46, 52, 62, 76], "summary": {"covered_lines": 20, "num_statements": 20, "percent_covered": 100.0, "percent_covered_display": "100", "missing_lines": 0, "excluded_lines": 0, "percent_statements_covered": 100.0, "percent_statements_covered_display": "100"}, "missing_lines": [], "excluded_lines": [], "start_line": 1}}, "classes": {"Binding": {"executed_lines": [], "summary": {"covered_lines": 0, "num_statements": 0, "percent_covered": 100.0, "percent_covered_display": "100", "missing_lines": 0, "excluded_lines": 0, "percent_statements_covered": 100.0, "percent_statements_covered_display": "100"}, "missing_lines": [], "excluded_lines": [], "start_line": 21}, "Scope": {"executed_lines": [43, 44, 48, 54, 55, 56, 57, 58, 59, 60, 68, 69, 70, 71, 72, 73, 74, 82, 83, 85, 86, 87, 88, 89, 90, 91, 92], "summary": {"covered_lines": 27, "num_statements": 27, "percent_covered": 100.0, "percent_covered_display": "100", "missing_lines": 0, "excluded_lines": 0, "percent_statements_covered": 100.0, "percent_statements_covered_display": "100"}, "missing_lines": [], "excluded_lines": [], "start_line": 31}, "": {"executed_lines": [11, 13, 14, 16, 17, 20, 21, 24, 25, 26, 27, 30, 31, 39, 40, 42, 46, 52, 62, 76], "summary": {"covered_lines": 20, "num_statements": 20, "percent_covered": 100.0, "percent_covered_display": "100", "missing_lines": 0, "excluded_lines": 0, "percent_statements_covered": 100.0, "percent_statements_covered_display": "100"}, "missing_lines": [], "excluded_lines": [], "start_line": 1}}}, "src/agm/agl/eval/values.py": {"executed_lines": [18, 20, 21, 28, 29, 32, 35, 36, 39, 42, 43, 46, 49, 50, 53, 56, 57, 66, 74, 75, 78, 81, 82, 86, 88, 90, 92, 93, 94, 95, 98, 99, 102, 103, 105, 106, 108, 109, 110, 111, 114, 115, 118, 119, 120, 122, 123, 125, 126, 127, 132, 135, 136, 145, 146, 148, 149, 151, 152, 153, 154, 161], "summary": {"covered_lines": 62, "num_statements": 62, "percent_covered": 100.0, "percent_covered_display": "100", "missing_lines": 0, "excluded_lines": 0, "percent_statements_covered": 100.0, "percent_statements_covered_display": "100"}, "missing_lines": [], "excluded_lines": [], "functions": {"DictValue.__hash__": {"executed_lines": [90], "summary": {"covered_lines": 1, "num_statements": 1, "percent_covered": 100.0, "percent_covered_display": "100", "missing_lines": 0, "excluded_lines": 0, "percent_statements_covered": 100.0, "percent_statements_covered_display": "100"}, "missing_lines": [], "excluded_lines": [], "start_line": 88}, "DictValue.__eq__": {"executed_lines": [93, 94, 95], "summary": {"covered_lines": 3, "num_statements": 3, "percent_covered": 100.0, "percent_covered_display": "100", "missing_lines": 0, "excluded_lines": 0, "percent_statements_covered": 100.0, "percent_statements_covered_display": "100"}, "missing_lines": [], "excluded_lines": [], "start_line": 92}, "RecordValue.__hash__": {"executed_lines": [106], "summary": {"covered_lines": 1, "num_statements": 1, "percent_covered": 100.0, "percent_covered_display": "100", "missing_lines": 0, "excluded_lines": 0, "percent_statements_covered": 100.0, "percent_statements_covered_display": "100"}, "missing_lines": [], "excluded_lines": [], "start_line": 105}, "RecordValue.__eq__": {"executed_lines": [109, 110, 111], "summary": {"covered_lines": 3, "num_statements": 3, "percent_covered": 100.0, "percent_covered_display": "100", "missing_lines": 0, "excluded_lines": 0, "percent_statements_covered": 100.0, "percent_statements_covered_display": "100"}, "missing_lines": [], "excluded_lines": [], "start_line": 108}, "EnumValue.__hash__": {"executed_lines": [123], "summary": {"covered_lines": 1, "num_statements": 1, "percent_covered": 100.0, "percent_covered_display": "100", "missing_lines": 0, "excluded_lines": 0, "percent_statements_covered": 100.0, "percent_statements_covered_display": "100"}, "missing_lines": [], "excluded_lines": [], "start_line": 122}, "EnumValue.__eq__": {"executed_lines": [126, 127, 132], "summary": {"covered_lines": 3, "num_statements": 3, "percent_covered": 100.0, "percent_covered_display": "100", "missing_lines": 0, "excluded_lines": 0, "percent_statements_covered": 100.0, "percent_statements_covered_display": "100"}, "missing_lines": [], "excluded_lines": [], "start_line": 125}, "ExceptionValue.__hash__": {"executed_lines": [149], "summary": {"covered_lines": 1, "num_statements": 1, "percent_covered": 100.0, "percent_covered_display": "100", "missing_lines": 0, "excluded_lines": 0, "percent_statements_covered": 100.0, "percent_statements_covered_display": "100"}, "missing_lines": [], "excluded_lines": [], "start_line": 148}, "ExceptionValue.__eq__": {"executed_lines": [152, 153, 154], "summary": {"covered_lines": 3, "num_statements": 3, "percent_covered": 100.0, "percent_covered_display": "100", "missing_lines": 0, "excluded_lines": 0, "percent_statements_covered": 100.0, "percent_statements_covered_display": "100"}, "missing_lines": [], "excluded_lines": [], "start_line": 151}, "": {"executed_lines": [18, 20, 21, 28, 29, 32, 35, 36, 39, 42, 43, 46, 49, 50, 53, 56, 57, 66, 74, 75, 78, 81, 82, 86, 88, 92, 98, 99, 102, 103, 105, 108, 114, 115, 118, 119, 120, 122, 125, 135, 136, 145, 146, 148, 151, 161], "summary": {"covered_lines": 46, "num_statements": 46, "percent_covered": 100.0, "percent_covered_display": "100", "missing_lines": 0, "excluded_lines": 0, "percent_statements_covered": 100.0, "percent_statements_covered_display": "100"}, "missing_lines": [], "excluded_lines": [], "start_line": 1}}, "classes": {"TextValue": {"executed_lines": [], "summary": {"covered_lines": 0, "num_statements": 0, "percent_covered": 100.0, "percent_covered_display": "100", "missing_lines": 0, "excluded_lines": 0, "percent_statements_covered": 100.0, "percent_statements_covered_display": "100"}, "missing_lines": [], "excluded_lines": [], "start_line": 29}, "IntValue": {"executed_lines": [], "summary": {"covered_lines": 0, "num_statements": 0, "percent_covered": 100.0, "percent_covered_display": "100", "missing_lines": 0, "excluded_lines": 0, "percent_statements_covered": 100.0, "percent_statements_covered_display": "100"}, "missing_lines": [], "excluded_lines": [], "start_line": 36}, "DecimalValue": {"executed_lines": [], "summary": {"covered_lines": 0, "num_statements": 0, "percent_covered": 100.0, "percent_covered_display": "100", "missing_lines": 0, "excluded_lines": 0, "percent_statements_covered": 100.0, "percent_statements_covered_display": "100"}, "missing_lines": [], "excluded_lines": [], "start_line": 43}, "BoolValue": {"executed_lines": [], "summary": {"covered_lines": 0, "num_statements": 0, "percent_covered": 100.0, "percent_covered_display": "100", "missing_lines": 0, "excluded_lines": 0, "percent_statements_covered": 100.0, "percent_statements_covered_display": "100"}, "missing_lines": [], "excluded_lines": [], "start_line": 50}, "JsonValue": {"executed_lines": [], "summary": {"covered_lines": 0, "num_statements": 0, "percent_covered": 100.0, "percent_covered_display": "100", "missing_lines": 0, "excluded_lines": 0, "percent_statements_covered": 100.0, "percent_statements_covered_display": "100"}, "missing_lines": [], "excluded_lines": [], "start_line": 57}, "ListValue": {"executed_lines": [], "summary": {"covered_lines": 0, "num_statements": 0, "percent_covered": 100.0, "percent_covered_display": "100", "missing_lines": 0, "excluded_lines": 0, "percent_statements_covered": 100.0, "percent_statements_covered_display": "100"}, "missing_lines": [], "excluded_lines": [], "start_line": 75}, "DictValue": {"executed_lines": [90, 93, 94, 95], "summary": {"covered_lines": 4, "num_statements": 4, "percent_covered": 100.0, "percent_covered_display": "100", "missing_lines": 0, "excluded_lines": 0, "percent_statements_covered": 100.0, "percent_statements_covered_display": "100"}, "missing_lines": [], "excluded_lines": [], "start_line": 82}, "RecordValue": {"executed_lines": [106, 109, 110, 111], "summary": {"covered_lines": 4, "num_statements": 4, "percent_covered": 100.0, "percent_covered_display": "100", "missing_lines": 0, "excluded_lines": 0, "percent_statements_covered": 100.0, "percent_statements_covered_display": "100"}, "missing_lines": [], "excluded_lines": [], "start_line": 99}, "EnumValue": {"executed_lines": [123, 126, 127, 132], "summary": {"covered_lines": 4, "num_statements": 4, "percent_covered": 100.0, "percent_covered_display": "100", "missing_lines": 0, "excluded_lines": 0, "percent_statements_covered": 100.0, "percent_statements_covered_display": "100"}, "missing_lines": [], "excluded_lines": [], "start_line": 115}, "ExceptionValue": {"executed_lines": [149, 152, 153, 154], "summary": {"covered_lines": 4, "num_statements": 4, "percent_covered": 100.0, "percent_covered_display": "100", "missing_lines": 0, "excluded_lines": 0, "percent_statements_covered": 100.0, "percent_statements_covered_display": "100"}, "missing_lines": [], "excluded_lines": [], "start_line": 136}, "": {"executed_lines": [18, 20, 21, 28, 29, 32, 35, 36, 39, 42, 43, 46, 49, 50, 53, 56, 57, 66, 74, 75, 78, 81, 82, 86, 88, 92, 98, 99, 102, 103, 105, 108, 114, 115, 118, 119, 120, 122, 125, 135, 136, 145, 146, 148, 151, 161], "summary": {"covered_lines": 46, "num_statements": 46, "percent_covered": 100.0, "percent_covered_display": "100", "missing_lines": 0, "excluded_lines": 0, "percent_statements_covered": 100.0, "percent_statements_covered_display": "100"}, "missing_lines": [], "excluded_lines": [], "start_line": 1}}}, "src/agm/agl/lexer/__init__.py": {"executed_lines": [13, 15, 17, 19, 20, 21, 22, 24, 27, 33], "summary": {"covered_lines": 10, "num_statements": 10, "percent_covered": 100.0, "percent_covered_display": "100", "missing_lines": 0, "excluded_lines": 0, "percent_statements_covered": 100.0, "percent_statements_covered_display": "100"}, "missing_lines": [], "excluded_lines": [], "functions": {"tokenize": {"executed_lines": [33], "summary": {"covered_lines": 1, "num_statements": 1, "percent_covered": 100.0, "percent_covered_display": "100", "missing_lines": 0, "excluded_lines": 0, "percent_statements_covered": 100.0, "percent_statements_covered_display": "100"}, "missing_lines": [], "excluded_lines": [], "start_line": 27}, "": {"executed_lines": [13, 15, 17, 19, 20, 21, 22, 24, 27], "summary": {"covered_lines": 9, "num_statements": 9, "percent_covered": 100.0, "percent_covered_display": "100", "missing_lines": 0, "excluded_lines": 0, "percent_statements_covered": 100.0, "percent_statements_covered_display": "100"}, "missing_lines": [], "excluded_lines": [], "start_line": 1}}, "classes": {"": {"executed_lines": [13, 15, 17, 19, 20, 21, 22, 24, 27, 33], "summary": {"covered_lines": 10, "num_statements": 10, "percent_covered": 100.0, "percent_covered_display": "100", "missing_lines": 0, "excluded_lines": 0, "percent_statements_covered": 100.0, "percent_statements_covered_display": "100"}, "missing_lines": [], "excluded_lines": [], "start_line": 1}}}, "src/agm/agl/lexer/errors.py": {"executed_lines": [3, 5, 8, 17, 18], "summary": {"covered_lines": 5, "num_statements": 5, "percent_covered": 100.0, "percent_covered_display": "100", "missing_lines": 0, "excluded_lines": 0, "percent_statements_covered": 100.0, "percent_statements_covered_display": "100"}, "missing_lines": [], "excluded_lines": [], "functions": {"LexError.__init__": {"executed_lines": [18], "summary": {"covered_lines": 1, "num_statements": 1, "percent_covered": 100.0, "percent_covered_display": "100", "missing_lines": 0, "excluded_lines": 0, "percent_statements_covered": 100.0, "percent_statements_covered_display": "100"}, "missing_lines": [], "excluded_lines": [], "start_line": 17}, "": {"executed_lines": [3, 5, 8, 17], "summary": {"covered_lines": 4, "num_statements": 4, "percent_covered": 100.0, "percent_covered_display": "100", "missing_lines": 0, "excluded_lines": 0, "percent_statements_covered": 100.0, "percent_statements_covered_display": "100"}, "missing_lines": [], "excluded_lines": [], "start_line": 1}}, "classes": {"LexError": {"executed_lines": [18], "summary": {"covered_lines": 1, "num_statements": 1, "percent_covered": 100.0, "percent_covered_display": "100", "missing_lines": 0, "excluded_lines": 0, "percent_statements_covered": 100.0, "percent_statements_covered_display": "100"}, "missing_lines": [], "excluded_lines": [], "start_line": 8}, "": {"executed_lines": [3, 5, 8, 17], "summary": {"covered_lines": 4, "num_statements": 4, "percent_covered": 100.0, "percent_covered_display": "100", "missing_lines": 0, "excluded_lines": 0, "percent_statements_covered": 100.0, "percent_statements_covered_display": "100"}, "missing_lines": [], "excluded_lines": [], "start_line": 1}}}, "src/agm/agl/lexer/layout.py": {"executed_lines": [24, 26, 28, 30, 31, 32, 50, 52, 55, 65, 77, 91, 92, 95, 96, 98, 99, 100, 101, 102, 103, 104, 106, 108, 109, 110, 111, 114, 116, 117, 118, 119, 122, 123, 124, 125, 126, 128, 129, 130, 131, 132, 133, 135, 136, 137, 138, 143, 144, 146, 149, 151, 155, 157, 158, 159, 162, 164, 166, 168, 169, 170, 172, 175, 176, 177, 179, 181, 182, 183, 191, 197, 203, 217, 218, 219], "summary": {"covered_lines": 76, "num_statements": 76, "percent_covered": 100.0, "percent_covered_display": "100", "missing_lines": 0, "excluded_lines": 0, "percent_statements_covered": 100.0, "percent_statements_covered_display": "100"}, "missing_lines": [], "excluded_lines": [], "functions": {"_synthetic": {"executed_lines": [65], "summary": {"covered_lines": 1, "num_statements": 1, "percent_covered": 100.0, "percent_covered_display": "100", "missing_lines": 0, "excluded_lines": 0, "percent_statements_covered": 100.0, "percent_statements_covered_display": "100"}, "missing_lines": [], "excluded_lines": [], "start_line": 55}, "layout": {"executed_lines": [91, 92, 95, 96, 98, 106, 114, 116, 117, 118, 119, 122, 123, 124, 125, 126, 128, 129, 130, 131, 132, 133, 135, 136, 137, 138, 143, 144, 146, 149, 151, 155, 157, 158, 159, 162, 164, 166, 168, 169, 170, 172, 175, 176, 177, 179, 181, 182, 183, 191, 197, 203, 217, 218, 219], "summary": {"covered_lines": 55, "num_statements": 55, "percent_covered": 100.0, "percent_covered_display": "100", "missing_lines": 0, "excluded_lines": 0, "percent_statements_covered": 100.0, "percent_statements_covered_display": "100"}, "missing_lines": [], "excluded_lines": [], "start_line": 77}, "layout._next": {"executed_lines": [99, 100, 101, 102, 103, 104], "summary": {"covered_lines": 6, "num_statements": 6, "percent_covered": 100.0, "percent_covered_display": "100", "missing_lines": 0, "excluded_lines": 0, "percent_statements_covered": 100.0, "percent_statements_covered_display": "100"}, "missing_lines": [], "excluded_lines": [], "start_line": 98}, "layout._peek_next": {"executed_lines": [108, 109, 110, 111], "summary": {"covered_lines": 4, "num_statements": 4, "percent_covered": 100.0, "percent_covered_display": "100", "missing_lines": 0, "excluded_lines": 0, "percent_statements_covered": 100.0, "percent_statements_covered_display": "100"}, "missing_lines": [], "excluded_lines": [], "start_line": 106}, "": {"executed_lines": [24, 26, 28, 30, 31, 32, 50, 52, 55, 77], "summary": {"covered_lines": 10, "num_statements": 10, "percent_covered": 100.0, "percent_covered_display": "100", "missing_lines": 0, "excluded_lines": 0, "percent_statements_covered": 100.0, "percent_statements_covered_display": "100"}, "missing_lines": [], "excluded_lines": [], "start_line": 1}}, "classes": {"": {"executed_lines": [24, 26, 28, 30, 31, 32, 50, 52, 55, 65, 77, 91, 92, 95, 96, 98, 99, 100, 101, 102, 103, 104, 106, 108, 109, 110, 111, 114, 116, 117, 118, 119, 122, 123, 124, 125, 126, 128, 129, 130, 131, 132, 133, 135, 136, 137, 138, 143, 144, 146, 149, 151, 155, 157, 158, 159, 162, 164, 166, 168, 169, 170, 172, 175, 176, 177, 179, 181, 182, 183, 191, 197, 203, 217, 218, 219], "summary": {"covered_lines": 76, "num_statements": 76, "percent_covered": 100.0, "percent_covered_display": "100", "missing_lines": 0, "excluded_lines": 0, "percent_statements_covered": 100.0, "percent_statements_covered_display": "100"}, "missing_lines": [], "excluded_lines": [], "start_line": 1}}}, "src/agm/agl/lexer/lexer.py": {"executed_lines": [29, 31, 33, 35, 36, 37, 40, 42, 43, 44, 45, 56, 59, 72, 74, 76, 78, 86, 87, 88, 91, 92], "summary": {"covered_lines": 22, "num_statements": 22, "percent_covered": 100.0, "percent_covered_display": "100", "missing_lines": 0, "excluded_lines": 0, "percent_statements_covered": 100.0, "percent_statements_covered_display": "100"}, "missing_lines": [], "excluded_lines": [], "functions": {"_remap": {"executed_lines": [42, 43, 44, 45, 56], "summary": {"covered_lines": 5, "num_statements": 5, "percent_covered": 100.0, "percent_covered_display": "100", "missing_lines": 0, "excluded_lines": 0, "percent_statements_covered": 100.0, "percent_statements_covered_display": "100"}, "missing_lines": [], "excluded_lines": [], "start_line": 40}, "AglLexer.__init__": {"executed_lines": [76], "summary": {"covered_lines": 1, "num_statements": 1, "percent_covered": 100.0, "percent_covered_display": "100", "missing_lines": 0, "excluded_lines": 0, "percent_statements_covered": 100.0, "percent_statements_covered_display": "100"}, "missing_lines": [], "excluded_lines": [], "start_line": 74}, "AglLexer.lex": {"executed_lines": [86, 87, 88, 91, 92], "summary": {"covered_lines": 5, "num_statements": 5, "percent_covered": 100.0, "percent_covered_display": "100", "missing_lines": 0, "excluded_lines": 0, "percent_statements_covered": 100.0, "percent_statements_covered_display": "100"}, "missing_lines": [], "excluded_lines": [], "start_line": 78}, "": {"executed_lines": [29, 31, 33, 35, 36, 37, 40, 59, 72, 74, 78], "summary": {"covered_lines": 11, "num_statements": 11, "percent_covered": 100.0, "percent_covered_display": "100", "missing_lines": 0, "excluded_lines": 0, "percent_statements_covered": 100.0, "percent_statements_covered_display": "100"}, "missing_lines": [], "excluded_lines": [], "start_line": 1}}, "classes": {"AglLexer": {"executed_lines": [76, 86, 87, 88, 91, 92], "summary": {"covered_lines": 6, "num_statements": 6, "percent_covered": 100.0, "percent_covered_display": "100", "missing_lines": 0, "excluded_lines": 0, "percent_statements_covered": 100.0, "percent_statements_covered_display": "100"}, "missing_lines": [], "excluded_lines": [], "start_line": 59}, "": {"executed_lines": [29, 31, 33, 35, 36, 37, 40, 42, 43, 44, 45, 56, 59, 72, 74, 78], "summary": {"covered_lines": 16, "num_statements": 16, "percent_covered": 100.0, "percent_covered_display": "100", "missing_lines": 0, "excluded_lines": 0, "percent_statements_covered": 100.0, "percent_statements_covered_display": "100"}, "missing_lines": [], "excluded_lines": [], "start_line": 1}}}, "src/agm/agl/lexer/scanner.py": {"executed_lines": [31, 33, 34, 36, 38, 39, 40, 81, 84, 103, 120, 121, 129, 130, 131, 132, 135, 136, 144, 145, 146, 147, 155, 158, 161, 162, 163, 164, 167, 173, 174, 175, 176, 177, 179, 180, 182, 183, 184, 185, 186, 187, 189, 190, 192, 193, 202, 210, 225, 233, 234, 235, 236, 238, 239, 240, 241, 243, 244, 247, 249, 250, 251, 253, 254, 256, 257, 258, 259, 260, 262, 263, 264, 265, 266, 267, 268, 270, 271, 277, 283, 284, 286, 287, 288, 289, 290, 291, 292, 293, 294, 295, 297, 298, 299, 300, 303, 304, 305, 306, 309, 312, 313, 314, 315, 321, 330, 331, 332, 333, 334, 336, 337, 339, 341, 343, 344, 345, 346, 348, 349, 350, 351, 352, 353, 355, 356, 363, 366, 367, 368, 371, 372, 373, 374, 375, 377, 378, 379, 380, 381, 382, 389, 392, 393, 394, 395, 396, 398, 399, 401, 408, 409, 410, 411, 412, 414, 415, 416, 418, 419, 422, 425, 426, 427, 428, 429, 430, 431, 432, 433, 434, 435, 437, 438, 439, 440, 441, 444, 445, 446, 447, 448, 449, 450, 452, 454, 476, 477, 478, 479, 480, 482, 483, 484, 485, 486, 487, 489, 490, 491, 492, 493, 494, 495, 498, 499, 500, 501, 502, 503, 505, 506, 507, 508, 509, 510, 513, 514, 515, 523, 524, 525, 527, 528, 532, 533, 536, 537, 539, 540, 543, 544, 545, 555, 556, 557, 569, 571, 586, 588, 589, 590, 591, 594, 595, 596, 597, 598, 599, 600, 601, 603, 604, 605, 608, 609, 610, 611, 614, 615, 616, 617, 618, 620, 621, 622, 625, 626, 627, 630, 631, 632, 633, 634, 635, 636, 637, 638, 639, 640, 641, 642, 643, 644, 645, 646, 647, 648, 649, 650, 651, 652, 653, 654, 655, 656, 657, 658, 661, 662, 663, 666, 667, 673, 680, 681, 684, 685, 686, 689, 690, 691, 692, 695, 696, 697, 698, 699, 701, 705, 706, 707, 717, 720, 721, 729, 742, 743, 745, 746, 747, 748, 749, 751, 752, 753, 756, 758, 759, 760, 761, 762, 763, 764, 765, 768, 770, 771, 772, 773, 774, 775, 783, 785], "summary": {"covered_lines": 355, "num_statements": 355, "percent_covered": 100.0, "percent_covered_display": "100", "missing_lines": 0, "excluded_lines": 0, "percent_statements_covered": 100.0, "percent_statements_covered_display": "100"}, "missing_lines": [], "excluded_lines": [], "functions": {"_Scanner.__init__": {"executed_lines": [161, 162, 163, 164, 167], "summary": {"covered_lines": 5, "num_statements": 5, "percent_covered": 100.0, "percent_covered_display": "100", "missing_lines": 0, "excluded_lines": 0, "percent_statements_covered": 100.0, "percent_statements_covered_display": "100"}, "missing_lines": [], "excluded_lines": [], "start_line": 158}, "_Scanner._peek": {"executed_lines": [174, 175, 176, 177], "summary": {"covered_lines": 4, "num_statements": 4, "percent_covered": 100.0, "percent_covered_display": "100", "missing_lines": 0, "excluded_lines": 0, "percent_statements_covered": 100.0, "percent_statements_covered_display": "100"}, "missing_lines": [], "excluded_lines": [], "start_line": 173}, "_Scanner._at_end": {"executed_lines": [180], "summary": {"covered_lines": 1, "num_statements": 1, "percent_covered": 100.0, "percent_covered_display": "100", "missing_lines": 0, "excluded_lines": 0, "percent_statements_covered": 100.0, "percent_statements_covered_display": "100"}, "missing_lines": [], "excluded_lines": [], "start_line": 179}, "_Scanner._advance": {"executed_lines": [183, 184, 185, 186, 187, 189, 190], "summary": {"covered_lines": 7, "num_statements": 7, "percent_covered": 100.0, "percent_covered_display": "100", "missing_lines": 0, "excluded_lines": 0, "percent_statements_covered": 100.0, "percent_statements_covered_display": "100"}, "missing_lines": [], "excluded_lines": [], "start_line": 182}, "_Scanner._span_here": {"executed_lines": [193], "summary": {"covered_lines": 1, "num_statements": 1, "percent_covered": 100.0, "percent_covered_display": "100", "missing_lines": 0, "excluded_lines": 0, "percent_statements_covered": 100.0, "percent_statements_covered_display": "100"}, "missing_lines": [], "excluded_lines": [], "start_line": 192}, "_Scanner._make_token": {"executed_lines": [210], "summary": {"covered_lines": 1, "num_statements": 1, "percent_covered": 100.0, "percent_covered_display": "100", "missing_lines": 0, "excluded_lines": 0, "percent_statements_covered": 100.0, "percent_statements_covered_display": "100"}, "missing_lines": [], "excluded_lines": [], "start_line": 202}, "_Scanner._measure_indentation": {"executed_lines": [233, 234, 235, 236, 238, 239, 240, 241, 243, 244, 247, 249, 250, 251, 253, 254, 256, 257, 258, 259, 260, 262, 263, 264, 265, 266, 267, 268, 270, 271], "summary": {"covered_lines": 30, "num_statements": 30, "percent_covered": 100.0, "percent_covered_display": "100", "missing_lines": 0, "excluded_lines": 0, "percent_statements_covered": 100.0, "percent_statements_covered_display": "100"}, "missing_lines": [], "excluded_lines": [], "start_line": 225}, "_Scanner._decode_escape": {"executed_lines": [283, 284, 286, 287, 288, 289, 290, 291, 292, 293, 294, 295, 297, 298, 299, 300, 303, 304, 305, 306, 309, 312, 313, 314, 315], "summary": {"covered_lines": 25, "num_statements": 25, "percent_covered": 100.0, "percent_covered_display": "100", "missing_lines": 0, "excluded_lines": 0, "percent_statements_covered": 100.0, "percent_statements_covered_display": "100"}, "missing_lines": [], "excluded_lines": [], "start_line": 277}, "_Scanner._scan_template": {"executed_lines": [330, 331, 332, 333, 334, 336, 337, 339], "summary": {"covered_lines": 8, "num_statements": 8, "percent_covered": 100.0, "percent_covered_display": "100", "missing_lines": 0, "excluded_lines": 0, "percent_statements_covered": 100.0, "percent_statements_covered_display": "100"}, "missing_lines": [], "excluded_lines": [], "start_line": 321}, "_Scanner._scan_single_template": {"executed_lines": [343, 344, 345, 346, 348, 349, 350, 351, 352, 353, 355, 356, 363, 366, 367, 368, 371, 372, 373, 374, 375, 377, 378, 379, 380, 381, 382, 389, 392, 393, 394, 395, 396, 398, 399], "summary": {"covered_lines": 35, "num_statements": 35, "percent_covered": 100.0, "percent_covered_display": "100", "missing_lines": 0, "excluded_lines": 0, "percent_statements_covered": 100.0, "percent_statements_covered_display": "100"}, "missing_lines": [], "excluded_lines": [], "start_line": 341}, "_Scanner._scan_interp_code": {"executed_lines": [408, 409, 410, 411, 412, 414, 415, 416, 418, 419, 422, 425, 426, 427, 428, 429, 430, 431, 432, 433, 434, 435, 437, 438, 439, 440, 441, 444, 445, 446, 447, 448, 449, 450, 452], "summary": {"covered_lines": 35, "num_statements": 35, "percent_covered": 100.0, "percent_covered_display": "100", "missing_lines": 0, "excluded_lines": 0, "percent_statements_covered": 100.0, "percent_statements_covered_display": "100"}, "missing_lines": [], "excluded_lines": [], "start_line": 401}, "_Scanner._scan_triple_template": {"executed_lines": [476, 477, 478, 479, 480, 482, 483, 484, 485, 486, 487, 489, 490, 491, 492, 493, 494, 495, 498, 499, 500, 501, 502, 503, 505, 506, 507, 508, 509, 510, 513, 514, 515, 523, 524, 525, 527, 528, 532, 533, 536, 537, 539, 540, 543, 544, 545, 555, 556, 557, 569, 571], "summary": {"covered_lines": 52, "num_statements": 52, "percent_covered": 100.0, "percent_covered_display": "100", "missing_lines": 0, "excluded_lines": 0, "percent_statements_covered": 100.0, "percent_statements_covered_display": "100"}, "missing_lines": [], "excluded_lines": [], "start_line": 454}, "_Scanner._scan_one_code_token": {"executed_lines": [588, 589, 590, 591, 594, 595, 596, 597, 598, 599, 600, 601, 603, 604, 605, 608, 609, 610, 611, 614, 615, 616, 617, 618, 620, 621, 622, 625, 626, 627, 630, 631, 632, 633, 634, 635, 636, 637, 638, 639, 640, 641, 642, 643, 644, 645, 646, 647, 648, 649, 650, 651, 652, 653, 654, 655, 656, 657, 658, 661, 662, 663, 666, 667], "summary": {"covered_lines": 64, "num_statements": 64, "percent_covered": 100.0, "percent_covered_display": "100", "missing_lines": 0, "excluded_lines": 0, "percent_statements_covered": 100.0, "percent_statements_covered_display": "100"}, "missing_lines": [], "excluded_lines": [], "start_line": 586}, "_Scanner.scan": {"executed_lines": [680, 681, 684, 685, 686, 689, 690, 691, 692, 695, 696, 697, 698, 699, 701, 705, 706, 707, 717, 720, 721], "summary": {"covered_lines": 21, "num_statements": 21, "percent_covered": 100.0, "percent_covered_display": "100", "missing_lines": 0, "excluded_lines": 0, "percent_statements_covered": 100.0, "percent_statements_covered_display": "100"}, "missing_lines": [], "excluded_lines": [], "start_line": 673}, "_apply_triple_dedent": {"executed_lines": [742, 743, 745, 746, 747, 748, 749, 751, 752, 753], "summary": {"covered_lines": 10, "num_statements": 10, "percent_covered": 100.0, "percent_covered_display": "100", "missing_lines": 0, "excluded_lines": 0, "percent_statements_covered": 100.0, "percent_statements_covered_display": "100"}, "missing_lines": [], "excluded_lines": [], "start_line": 729}, "_compute_min_indent": {"executed_lines": [758, 759, 760, 761, 762, 763, 764, 765], "summary": {"covered_lines": 8, "num_statements": 8, "percent_covered": 100.0, "percent_covered_display": "100", "missing_lines": 0, "excluded_lines": 0, "percent_statements_covered": 100.0, "percent_statements_covered_display": "100"}, "missing_lines": [], "excluded_lines": [], "start_line": 756}, "_strip_indent": {"executed_lines": [770, 771, 772, 773, 774, 775], "summary": {"covered_lines": 6, "num_statements": 6, "percent_covered": 100.0, "percent_covered_display": "100", "missing_lines": 0, "excluded_lines": 0, "percent_statements_covered": 100.0, "percent_statements_covered_display": "100"}, "missing_lines": [], "excluded_lines": [], "start_line": 768}, "scan": {"executed_lines": [785], "summary": {"covered_lines": 1, "num_statements": 1, "percent_covered": 100.0, "percent_covered_display": "100", "missing_lines": 0, "excluded_lines": 0, "percent_statements_covered": 100.0, "percent_statements_covered_display": "100"}, "missing_lines": [], "excluded_lines": [], "start_line": 783}, "": {"executed_lines": [31, 33, 34, 36, 38, 39, 40, 81, 84, 103, 120, 121, 129, 130, 131, 132, 135, 136, 144, 145, 146, 147, 155, 158, 173, 179, 182, 192, 202, 225, 277, 321, 341, 401, 454, 586, 673, 729, 756, 768, 783], "summary": {"covered_lines": 41, "num_statements": 41, "percent_covered": 100.0, "percent_covered_display": "100", "missing_lines": 0, "excluded_lines": 0, "percent_statements_covered": 100.0, "percent_statements_covered_display": "100"}, "missing_lines": [], "excluded_lines": [], "start_line": 1}}, "classes": {"_LitSeg": {"executed_lines": [], "summary": {"covered_lines": 0, "num_statements": 0, "percent_covered": 100.0, "percent_covered_display": "100", "missing_lines": 0, "excluded_lines": 0, "percent_statements_covered": 100.0, "percent_statements_covered_display": "100"}, "missing_line
[...]
nv": {"executed_lines": [30, 31, 32, 33, 34, 35, 36, 37], "summary": {"covered_lines": 8, "num_statements": 8, "percent_covered": 100.0, "percent_covered_display": "100", "missing_lines": 0, "excluded_lines": 0, "percent_statements_covered": 100.0, "percent_statements_covered_display": "100"}, "missing_lines": [], "excluded_lines": [], "start_line": 29}, "create_tmux_session": {"executed_lines": [50, 51, 52, 54, 55, 56, 58, 59, 60, 61, 62, 64, 65, 66, 68, 69, 70, 71, 85, 86, 99, 100, 104, 105, 109, 110, 111, 129, 130, 131, 132, 133, 134, 136, 137, 138, 153, 154, 156, 173, 179, 185, 186, 187, 188, 195, 196, 198, 209, 210, 211, 212, 213, 214, 215, 216], "summary": {"covered_lines": 56, "num_statements": 56, "percent_covered": 100.0, "percent_covered_display": "100", "missing_lines": 0, "excluded_lines": 0, "percent_statements_covered": 100.0, "percent_statements_covered_display": "100"}, "missing_lines": [], "excluded_lines": [], "start_line": 40}, "create_tmux_session._display": {"executed_lines": [157, 165, 166, 167, 168, 169, 170, 171], "summary": {"covered_lines": 8, "num_statements": 8, "percent_covered": 100.0, "percent_covered_display": "100", "missing_lines": 0, "excluded_lines": 0, "percent_statements_covered": 100.0, "percent_statements_covered_display": "100"}, "missing_lines": [], "excluded_lines": [], "start_line": 156}, "queue_command_in_session": {"executed_lines": [228, 229, 230, 231, 232, 236, 237, 243, 244], "summary": {"covered_lines": 9, "num_statements": 9, "percent_covered": 100.0, "percent_covered_display": "100", "missing_lines": 0, "excluded_lines": 0, "percent_statements_covered": 100.0, "percent_statements_covered_display": "100"}, "missing_lines": [], "excluded_lines": [], "start_line": 219}, "focus_tmux_session": {"executed_lines": [255, 256, 257, 262, 263, 264, 265], "summary": {"covered_lines": 7, "num_statements": 7, "percent_covered": 100.0, "percent_covered_display": "100", "missing_lines": 0, "excluded_lines": 0, "percent_statements_covered": 100.0, "percent_statements_covered_display": "100"}, "missing_lines": [], "excluded_lines": [], "start_line": 247}, "kill_tmux_session": {"executed_lines": [276, 277, 278, 279, 280, 281], "summary": {"covered_lines": 6, "num_statements": 6, "percent_covered": 100.0, "percent_covered_display": "100", "missing_lines": 0, "excluded_lines": 0, "percent_statements_covered": 100.0, "percent_statements_covered_display": "100"}, "missing_lines": [], "excluded_lines": [], "start_line": 268}, "close_tmux_session": {"executed_lines": [297, 298, 299, 300], "summary": {"covered_lines": 4, "num_statements": 4, "percent_covered": 100.0, "percent_covered_display": "100", "missing_lines": 0, "excluded_lines": 0, "percent_statements_covered": 100.0, "percent_statements_covered_display": "100"}, "missing_lines": [], "excluded_lines": [], "start_line": 289}, "": {"executed_lines": [3, 5, 6, 7, 8, 9, 11, 12, 13, 14, 16, 19, 29, 40, 219, 247, 268, 289], "summary": {"covered_lines": 18, "num_statements": 18, "percent_covered": 100.0, "percent_covered_display": "100", "missing_lines": 0, "excluded_lines": 0, "percent_statements_covered": 100.0, "percent_statements_covered_display": "100"}, "missing_lines": [], "excluded_lines": [], "start_line": 1}}, "classes": {"": {"executed_lines": [3, 5, 6, 7, 8, 9, 11, 12, 13, 14, 16, 19, 22, 23, 24, 25, 26, 29, 30, 31, 32, 33, 34, 35, 36, 37, 40, 50, 51, 52, 54, 55, 56, 58, 59, 60, 61, 62, 64, 65, 66, 68, 69, 70, 71, 85, 86, 99, 100, 104, 105, 109, 110, 111, 129, 130, 131, 132, 133, 134, 136, 137, 138, 153, 154, 156, 157, 165, 166, 167, 168, 169, 170, 171, 173, 179, 185, 186, 187, 188, 195, 196, 198, 209, 210, 211, 212, 213, 214, 215, 216, 219, 228, 229, 230, 231, 232, 236, 237, 243, 244, 247, 255, 256, 257, 262, 263, 264, 265, 268, 276, 277, 278, 279, 280, 281, 289, 297, 298, 299, 300], "summary": {"covered_lines": 121, "num_statements": 121, "percent_covered": 100.0, "percent_covered_display": "100", "missing_lines": 0, "excluded_lines": 0, "percent_statements_covered": 100.0, "percent_statements_covered_display": "100"}, "missing_lines": [], "excluded_lines": [], "start_line": 1}}}, "src/agm/vcs/__init__.py": {"executed_lines": [], "summary": {"covered_lines": 0, "num_statements": 0, "percent_covered": 100.0, "percent_covered_display": "100", "missing_lines": 0, "excluded_lines": 0, "percent_statements_covered": 100.0, "percent_statements_covered_display": "100"}, "missing_lines": [], "excluded_lines": [], "functions": {"": {"executed_lines": [], "summary": {"covered_lines": 0, "num_statements": 0, "percent_covered": 100.0, "percent_covered_display": "100", "missing_lines": 0, "excluded_lines": 0, "percent_statements_covered": 100.0, "percent_statements_covered_display": "100"}, "missing_lines": [], "excluded_lines": [], "start_line": 1}}, "classes": {"": {"executed_lines": [], "summary": {"covered_lines": 0, "num_statements": 0, "percent_covered": 100.0, "percent_covered_display": "100", "missing_lines": 0, "excluded_lines": 0, "percent_statements_covered": 100.0, "percent_statements_covered_display": "100"}, "missing_lines": [], "excluded_lines": [], "start_line": 1}}}, "src/agm/vcs/git.py": {"executed_lines": [3, 5, 6, 7, 8, 10, 19, 20, 21, 22, 25, 26, 27, 28, 31, 34, 39, 42, 43, 44, 47, 48, 49, 50, 53, 54, 58, 61, 64, 65, 66, 70, 71, 72, 75, 78, 79, 80, 81, 82, 83, 84, 87, 95, 99, 100, 101, 104, 107, 108, 111, 114, 117, 120, 123, 126, 129, 132, 135, 138, 141, 147, 150, 154, 157, 168, 169, 170, 171, 172, 173, 174, 175, 176, 179, 188, 189, 190, 191, 192, 195, 198, 199, 200, 201, 202, 203, 204, 205, 206, 207, 208, 209, 210, 211, 212, 213, 214, 215, 216, 219, 228, 229, 232, 237, 241, 242, 243, 246, 255, 264, 273, 274, 275, 276, 277, 278, 279, 282, 285, 294, 297, 312, 317, 318, 319, 320, 324, 327, 335, 345, 348, 357, 363, 366, 371, 374, 377, 382, 383, 384, 385, 386, 387, 388, 389, 392, 397, 409, 410, 411, 412, 416, 419, 422, 423, 424, 425, 426, 429, 432, 433, 434, 435, 439, 442, 450], "summary": {"covered_lines": 167, "num_statements": 167, "percent_covered": 100.0, "percent_covered_display": "100", "missing_lines": 0, "excluded_lines": 0, "percent_statements_covered": 100.0, "percent_statements_covered_display": "100"}, "missing_lines": [], "excluded_lines": [], "functions": {"_git_args": {"executed_lines": [26, 27, 28], "summary": {"covered_lines": 3, "num_statements": 3, "percent_covered": 100.0, "percent_covered_display": "100", "missing_lines": 0, "excluded_lines": 0, "percent_statements_covered": 100.0, "percent_statements_covered_display": "100"}, "missing_lines": [], "excluded_lines": [], "start_line": 25}, "is_git_repo": {"executed_lines": [34], "summary": {"covered_lines": 1, "num_statements": 1, "percent_covered": 100.0, "percent_covered_display": "100", "missing_lines": 0, "excluded_lines": 0, "percent_statements_covered": 100.0, "percent_statements_covered_display": "100"}, "missing_lines": [], "excluded_lines": [], "start_line": 31}, "checkout_root": {"executed_lines": [42, 43, 44, 47, 48, 49, 50, 53, 54, 58], "summary": {"covered_lines": 10, "num_statements": 10, "percent_covered": 100.0, "percent_covered_display": "100", "missing_lines": 0, "excluded_lines": 0, "percent_statements_covered": 100.0, "percent_statements_covered_display": "100"}, "missing_lines": [], "excluded_lines": [], "start_line": 39}, "containing_root": {"executed_lines": [64, 65, 66, 70, 71, 72], "summary": {"covered_lines": 6, "num_statements": 6, "percent_covered": 100.0, "percent_covered_display": "100", "missing_lines": 0, "excluded_lines": 0, "percent_statements_covered": 100.0, "percent_statements_covered_display": "100"}, "missing_lines": [], "excluded_lines": [], "start_line": 61}, "exact_repo_root": {"executed_lines": [78, 79, 80, 81, 82, 83, 84], "summary": {"covered_lines": 7, "num_statements": 7, "percent_covered": 100.0, "percent_covered_display": "100", "missing_lines": 0, "excluded_lines": 0, "percent_statements_covered": 100.0, "percent_statements_covered_display": "100"}, "missing_lines": [], "excluded_lines": [], "start_line": 75}, "has_staged_changes": {"executed_lines": [95, 99, 100, 101], "summary": {"covered_lines": 4, "num_statements": 4, "percent_covered": 100.0, "percent_covered_display": "100", "missing_lines": 0, "excluded_lines": 0, "percent_statements_covered": 100.0, "percent_statements_covered_display": "100"}, "missing_lines": [], "excluded_lines": [], "start_line": 87}, "git_common_dir": {"executed_lines": [107, 108, 111], "summary": {"covered_lines": 3, "num_statements": 3, "percent_covered": 100.0, "percent_covered_display": "100", "missing_lines": 0, "excluded_lines": 0, "percent_statements_covered": 100.0, "percent_statements_covered_display": "100"}, "missing_lines": [], "excluded_lines": [], "start_line": 104}, "fetch": {"executed_lines": [117], "summary": {"covered_lines": 1, "num_statements": 1, "percent_covered": 100.0, "percent_covered_display": "100", "missing_lines": 0, "excluded_lines": 0, "percent_statements_covered": 100.0, "percent_statements_covered_display": "100"}, "missing_lines": [], "excluded_lines": [], "start_line": 114}, "fetch_prune_all": {"executed_lines": [123], "summary": {"covered_lines": 1, "num_statements": 1, "percent_covered": 100.0, "percent_covered_display": "100", "missing_lines": 0, "excluded_lines": 0, "percent_statements_covered": 100.0, "percent_statements_covered_display": "100"}, "missing_lines": [], "excluded_lines": [], "start_line": 120}, "fetch_prune_origin": {"executed_lines": [129], "summary": {"covered_lines": 1, "num_statements": 1, "percent_covered": 100.0, "percent_covered_display": "100", "missing_lines": 0, "excluded_lines": 0, "percent_statements_covered": 100.0, "percent_statements_covered_display": "100"}, "missing_lines": [], "excluded_lines": [], "start_line": 126}, "merge": {"executed_lines": [135], "summary": {"covered_lines": 1, "num_statements": 1, "percent_covered": 100.0, "percent_covered_display": "100", "missing_lines": 0, "excluded_lines": 0, "percent_statements_covered": 100.0, "percent_statements_covered_display": "100"}, "missing_lines": [], "excluded_lines": [], "start_line": 132}, "current_branch": {"executed_lines": [141], "summary": {"covered_lines": 1, "num_statements": 1, "percent_covered": 100.0, "percent_covered_display": "100", "missing_lines": 0, "excluded_lines": 0, "percent_statements_covered": 100.0, "percent_statements_covered_display": "100"}, "missing_lines": [], "excluded_lines": [], "start_line": 138}, "local_branches": {"executed_lines": [150, 154], "summary": {"covered_lines": 2, "num_statements": 2, "percent_covered": 100.0, "percent_covered_display": "100", "missing_lines": 0, "excluded_lines": 0, "percent_statements_covered": 100.0, "percent_statements_covered_display": "100"}, "missing_lines": [], "excluded_lines": [], "start_line": 147}, "worktree_add": {"executed_lines": [168, 169, 170, 171, 172, 173, 174, 175, 176], "summary": {"covered_lines": 9, "num_statements": 9, "percent_covered": 100.0, "percent_covered_display": "100", "missing_lines": 0, "excluded_lines": 0, "percent_statements_covered": 100.0, "percent_statements_covered_display": "100"}, "missing_lines": [], "excluded_lines": [], "start_line": 157}, "worktree_remove": {"executed_lines": [188, 189, 190, 191, 192], "summary": {"covered_lines": 5, "num_statements": 5, "percent_covered": 100.0, "percent_covered_display": "100", "missing_lines": 0, "excluded_lines": 0, "percent_statements_covered": 100.0, "percent_statements_covered_display": "100"}, "missing_lines": [], "excluded_lines": [], "start_line": 179}, "worktree_list": {"executed_lines": [198, 199, 200, 201, 202, 203, 204, 205, 206, 207, 208, 209, 210, 211, 212, 213, 214, 215, 216], "summary": {"covered_lines": 19, "num_statements": 19, "percent_covered": 100.0, "percent_covered_display": "100", "missing_lines": 0, "excluded_lines": 0, "percent_statements_covered": 100.0, "percent_statements_covered_display": "100"}, "missing_lines": [], "excluded_lines": [], "start_line": 195}, "branch_delete": {"executed_lines": [228, 229], "summary": {"covered_lines": 2, "num_statements": 2, "percent_covered": 100.0, "percent_covered_display": "100", "missing_lines": 0, "excluded_lines": 0, "percent_statements_covered": 100.0, "percent_statements_covered_display": "100"}, "missing_lines": [], "excluded_lines": [], "start_line": 219}, "_branch_upstream": {"executed_lines": [237, 241, 242, 243], "summary": {"covered_lines": 4, "num_statements": 4, "percent_covered": 100.0, "percent_covered_display": "100", "missing_lines": 0, "excluded_lines": 0, "percent_statements_covered": 100.0, "percent_statements_covered_display": "100"}, "missing_lines": [], "excluded_lines": [], "start_line": 232}, "_is_ancestor": {"executed_lines": [255], "summary": {"covered_lines": 1, "num_statements": 1, "percent_covered": 100.0, "percent_covered_display": "100", "missing_lines": 0, "excluded_lines": 0, "percent_statements_covered": 100.0, "percent_statements_covered_display": "100"}, "missing_lines": [], "excluded_lines": [], "start_line": 246}, "branch_can_delete": {"executed_lines": [273, 274, 275, 276, 277, 278, 279], "summary": {"covered_lines": 7, "num_statements": 7, "percent_covered": 100.0, "percent_covered_display": "100", "missing_lines": 0, "excluded_lines": 0, "percent_statements_covered": 100.0, "percent_statements_covered_display": "100"}, "missing_lines": [], "excluded_lines": [], "start_line": 264}, "local_branch_exists": {"executed_lines": [285], "summary": {"covered_lines": 1, "num_statements": 1, "percent_covered": 100.0, "percent_covered_display": "100", "missing_lines": 0, "excluded_lines": 0, "percent_statements_covered": 100.0, "percent_statements_covered_display": "100"}, "missing_lines": [], "excluded_lines": [], "start_line": 282}, "remote_branch_exists": {"executed_lines": [297], "summary": {"covered_lines": 1, "num_statements": 1, "percent_covered": 100.0, "percent_covered_display": "100", "missing_lines": 0, "excluded_lines": 0, "percent_statements_covered": 100.0, "percent_statements_covered_display": "100"}, "missing_lines": [], "excluded_lines": [], "start_line": 294}, "default_remote_branch_ref": {"executed_lines": [317, 318, 319, 320, 324], "summary": {"covered_lines": 5, "num_statements": 5, "percent_covered": 100.0, "percent_covered_display": "100", "missing_lines": 0, "excluded_lines": 0, "percent_statements_covered": 100.0, "percent_statements_covered_display": "100"}, "missing_lines": [], "excluded_lines": [], "start_line": 312}, "remote_unmerged_branches": {"executed_lines": [335, 345], "summary": {"covered_lines": 2, "num_statements": 2, "percent_covered": 100.0, "percent_covered_display": "100", "missing_lines": 0, "excluded_lines": 0, "percent_statements_covered": 100.0, "percent_statements_covered_display": "100"}, "missing_lines": [], "excluded_lines": [], "start_line": 327}, "create_tracking_branch": {"executed_lines": [357], "summary": {"covered_lines": 1, "num_statements": 1, "percent_covered": 100.0, "percent_covered_display": "100", "missing_lines": 0, "excluded_lines": 0, "percent_statements_covered": 100.0, "percent_statements_covered_display": "100"}, "missing_lines": [], "excluded_lines": [], "start_line": 348}, "symbolic_ref": {"executed_lines": [366], "summary": {"covered_lines": 1, "num_statements": 1, "percent_covered": 100.0, "percent_covered_display": "100", "missing_lines": 0, "excluded_lines": 0, "percent_statements_covered": 100.0, "percent_statements_covered_display": "100"}, "missing_lines": [], "excluded_lines": [], "start_line": 363}, "ls_remote_head": {"executed_lines": [374], "summary": {"covered_lines": 1, "num_statements": 1, "percent_covered": 100.0, "percent_covered_display": "100", "missing_lines": 0, "excluded_lines": 0, "percent_statements_covered": 100.0, "percent_statements_covered_display": "100"}, "missing_lines": [], "excluded_lines": [], "start_line": 371}, "default_branch_from_remote": {"executed_lines": [382, 383, 384, 385, 386, 387, 388, 389], "summary": {"covered_lines": 8, "num_statements": 8, "percent_covered": 100.0, "percent_covered_display": "100", "missing_lines": 0, "excluded_lines": 0, "percent_statements_covered": 100.0, "percent_statements_covered_display": "100"}, "missing_lines": [], "excluded_lines": [], "start_line": 377}, "default_branch_from_repo": {"executed_lines": [397, 409, 410, 411, 412, 416], "summary": {"covered_lines": 6, "num_statements": 6, "percent_covered": 100.0, "percent_covered_display": "100", "missing_lines": 0, "excluded_lines": 0, "percent_statements_covered": 100.0, "percent_statements_covered_display": "100"}, "missing_lines": [], "excluded_lines": [], "start_line": 392}, "repo_name_from_url": {"executed_lines": [422, 423, 424, 425, 426], "summary": {"covered_lines": 5, "num_statements": 5, "percent_covered": 100.0, "percent_covered_display": "100", "missing_lines": 0, "excluded_lines": 0, "percent_statements_covered": 100.0, "percent_statements_covered_display": "100"}, "missing_lines": [], "excluded_lines": [], "start_line": 419}, "find_first_git_repo": {"executed_lines": [432, 433, 434, 435, 439], "summary": {"covered_lines": 5, "num_statements": 5, "percent_covered": 100.0, "percent_covered_display": "100", "missing_lines": 0, "excluded_lines": 0, "percent_statements_covered": 100.0, "percent_statements_covered_display": "100"}, "missing_lines": [], "excluded_lines": [], "start_line": 429}, "fetch_output": {"executed_lines": [450], "summary": {"covered_lines": 1, "num_statements": 1, "percent_covered": 100.0, "percent_covered_display": "100", "missing_lines": 0, "excluded_lines": 0, "percent_statements_covered": 100.0, "percent_statements_covered_display": "100"}, "missing_lines": [], "excluded_lines": [], "start_line": 442}, "": {"executed_lines": [3, 5, 6, 7, 8, 10, 19, 20, 21, 22, 25, 31, 39, 61, 75, 87, 104, 114, 120, 126, 132, 138, 147, 157, 179, 195, 219, 232, 246, 264, 282, 294, 312, 327, 348, 363, 371, 377, 392, 419, 429, 442], "summary": {"covered_lines": 42, "num_statements": 42, "percent_covered": 100.0, "percent_covered_display": "100", "missing_lines": 0, "excluded_lines": 0, "percent_statements_covered": 100.0, "percent_statements_covered_display": "100"}, "missing_lines": [], "excluded_lines": [], "start_line": 1}}, "classes": {"WorktreeInfo": {"executed_lines": [], "summary": {"covered_lines": 0, "num_statements": 0, "percent_covered": 100.0, "percent_covered_display": "100", "missing_lines": 0, "excluded_lines": 0, "percent_statements_covered": 100.0, "percent_statements_covered_display": "100"}, "missing_lines": [], "excluded_lines": [], "start_line": 20}, "": {"executed_lines": [3, 5, 6, 7, 8, 10, 19, 20, 21, 22, 25, 26, 27, 28, 31, 34, 39, 42, 43, 44, 47, 48, 49, 50, 53, 54, 58, 61, 64, 65, 66, 70, 71, 72, 75, 78, 79, 80, 81, 82, 83, 84, 87, 95, 99, 100, 101, 104, 107, 108, 111, 114, 117, 120, 123, 126, 129, 132, 135, 138, 141, 147, 150, 154, 157, 168, 169, 170, 171, 172, 173, 174, 175, 176, 179, 188, 189, 190, 191, 192, 195, 198, 199, 200, 201, 202, 203, 204, 205, 206, 207, 208, 209, 210, 211, 212, 213, 214, 215, 216, 219, 228, 229, 232, 237, 241, 242, 243, 246, 255, 264, 273, 274, 275, 276, 277, 278, 279, 282, 285, 294, 297, 312, 317, 318, 319, 320, 324, 327, 335, 345, 348, 357, 363, 366, 371, 374, 377, 382, 383, 384, 385, 386, 387, 388, 389, 392, 397, 409, 410, 411, 412, 416, 419, 422, 423, 424, 425, 426, 429, 432, 433, 434, 435, 439, 442, 450], "summary": {"covered_lines": 167, "num_statements": 167, "percent_covered": 100.0, "percent_covered_display": "100", "missing_lines": 0, "excluded_lines": 0, "percent_statements_covered": 100.0, "percent_statements_covered_display": "100"}, "missing_lines": [], "excluded_lines": [], "start_line": 1}}}}, "totals": {"covered_lines": 8451, "num_statements": 8451, "percent_covered": 100.0, "percent_covered_display": "100", "missing_lines": 0, "excluded_lines": 117, "percent_statements_covered": 100.0, "percent_statements_covered_display": "100"}}